This is pdfTeX, Version 3.14159265-2.6-1.40.19 (TeX Live 2018/W32TeX) (preloaded format=pdflatex 2019.3.15)  22 NOV 2019 16:53
entering extended mode
 restricted \write18 enabled.
 %&-line parsing enabled.
**IntroTutorial_dartR.tex
(./IntroTutorial_dartR.tex
LaTeX2e <2018-12-01>

(c:/Users/s425824/AppData/Roaming/TinyTeX/texmf-dist/tex/latex/base/article.cls
Document Class: article 2018/09/03 v1.4i Standard LaTeX document class
(c:/Users/s425824/AppData/Roaming/TinyTeX/texmf-dist/tex/latex/base/size10.clo
File: size10.clo 2018/09/03 v1.4i Standard LaTeX file (size option)
)
\c@part=\count80
\c@section=\count81
\c@subsection=\count82
\c@subsubsection=\count83
\c@paragraph=\count84
\c@subparagraph=\count85
\c@figure=\count86
\c@table=\count87
\abovecaptionskip=\skip41
\belowcaptionskip=\skip42
\bibindent=\dimen102
) (c:/Users/s425824/AppData/Roaming/TinyTeX/texmf-dist/tex/latex/lm/lmodern.sty
Package: lmodern 2009/10/30 v1.6 Latin Modern Fonts
LaTeX Font Info:    Overwriting symbol font `operators' in version `normal'
(Font)                  OT1/cmr/m/n --> OT1/lmr/m/n on input line 22.
LaTeX Font Info:    Overwriting symbol font `letters' in version `normal'
(Font)                  OML/cmm/m/it --> OML/lmm/m/it on input line 23.
LaTeX Font Info:    Overwriting symbol font `symbols' in version `normal'
(Font)                  OMS/cmsy/m/n --> OMS/lmsy/m/n on input line 24.
LaTeX Font Info:    Overwriting symbol font `largesymbols' in version `normal'
(Font)                  OMX/cmex/m/n --> OMX/lmex/m/n on input line 25.
LaTeX Font Info:    Overwriting symbol font `operators' in version `bold'
(Font)                  OT1/cmr/bx/n --> OT1/lmr/bx/n on input line 26.
LaTeX Font Info:    Overwriting symbol font `letters' in version `bold'
(Font)                  OML/cmm/b/it --> OML/lmm/b/it on input line 27.
LaTeX Font Info:    Overwriting symbol font `symbols' in version `bold'
(Font)                  OMS/cmsy/b/n --> OMS/lmsy/b/n on input line 28.
LaTeX Font Info:    Overwriting symbol font `largesymbols' in version `bold'
(Font)                  OMX/cmex/m/n --> OMX/lmex/m/n on input line 29.
LaTeX Font Info:    Overwriting math alphabet `\mathbf' in version `normal'
(Font)                  OT1/cmr/bx/n --> OT1/lmr/bx/n on input line 31.
LaTeX Font Info:    Overwriting math alphabet `\mathsf' in version `normal'
(Font)                  OT1/cmss/m/n --> OT1/lmss/m/n on input line 32.
LaTeX Font Info:    Overwriting math alphabet `\mathit' in version `normal'
(Font)                  OT1/cmr/m/it --> OT1/lmr/m/it on input line 33.
LaTeX Font Info:    Overwriting math alphabet `\mathtt' in version `normal'
(Font)                  OT1/cmtt/m/n --> OT1/lmtt/m/n on input line 34.
LaTeX Font Info:    Overwriting math alphabet `\mathbf' in version `bold'
(Font)                  OT1/cmr/bx/n --> OT1/lmr/bx/n on input line 35.
LaTeX Font Info:    Overwriting math alphabet `\mathsf' in version `bold'
(Font)                  OT1/cmss/bx/n --> OT1/lmss/bx/n on input line 36.
LaTeX Font Info:    Overwriting math alphabet `\mathit' in version `bold'
(Font)                  OT1/cmr/bx/it --> OT1/lmr/bx/it on input line 37.
LaTeX Font Info:    Overwriting math alphabet `\mathtt' in version `bold'
(Font)                  OT1/cmtt/m/n --> OT1/lmtt/m/n on input line 38.
)
(c:/Users/s425824/AppData/Roaming/TinyTeX/texmf-dist/tex/latex/amsfonts/amssymb
.sty
Package: amssymb 2013/01/14 v3.01 AMS font symbols

(c:/Users/s425824/AppData/Roaming/TinyTeX/texmf-dist/tex/latex/amsfonts/amsfont
s.sty
Package: amsfonts 2013/01/14 v3.01 Basic AMSFonts support
\@emptytoks=\toks14
\symAMSa=\mathgroup4
\symAMSb=\mathgroup5
LaTeX Font Info:    Overwriting math alphabet `\mathfrak' in version `bold'
(Font)                  U/euf/m/n --> U/euf/b/n on input line 106.
))
(c:/Users/s425824/AppData/Roaming/TinyTeX/texmf-dist/tex/latex/amsmath/amsmath.
sty
Package: amsmath 2018/12/01 v2.17b AMS math features
\@mathmargin=\skip43
For additional information on amsmath, use the `?' option.

(c:/Users/s425824/AppData/Roaming/TinyTeX/texmf-dist/tex/latex/amsmath/amstext.
sty
Package: amstext 2000/06/29 v2.01 AMS text

(c:/Users/s425824/AppData/Roaming/TinyTeX/texmf-dist/tex/latex/amsmath/amsgen.s
ty
File: amsgen.sty 1999/11/30 v2.0 generic functions
\@emptytoks=\toks15
\ex@=\dimen103
))
(c:/Users/s425824/AppData/Roaming/TinyTeX/texmf-dist/tex/latex/amsmath/amsbsy.s
ty
Package: amsbsy 1999/11/29 v1.2d Bold Symbols
\pmbraise@=\dimen104
)
(c:/Users/s425824/AppData/Roaming/TinyTeX/texmf-dist/tex/latex/amsmath/amsopn.s
ty
Package: amsopn 2016/03/08 v2.02 operator names
)
\inf@bad=\count88
LaTeX Info: Redefining \frac on input line 223.
\uproot@=\count89
\leftroot@=\count90
LaTeX Info: Redefining \overline on input line 385.
\classnum@=\count91
\DOTSCASE@=\count92
LaTeX Info: Redefining \ldots on input line 482.
LaTeX Info: Redefining \dots on input line 485.
LaTeX Info: Redefining \cdots on input line 606.
\Mathstrutbox@=\box27
\strutbox@=\box28
\big@size=\dimen105
LaTeX Font Info:    Redeclaring font encoding OML on input line 729.
LaTeX Font Info:    Redeclaring font encoding OMS on input line 730.
\macc@depth=\count93
\c@MaxMatrixCols=\count94
\dotsspace@=\muskip10
\c@parentequation=\count95
\dspbrk@lvl=\count96
\tag@help=\toks16
\row@=\count97
\column@=\count98
\maxfields@=\count99
\andhelp@=\toks17
\eqnshift@=\dimen106
\alignsep@=\dimen107
\tagshift@=\dimen108
\tagwidth@=\dimen109
\totwidth@=\dimen110
\lineht@=\dimen111
\@envbody=\toks18
\multlinegap=\skip44
\multlinetaggap=\skip45
\mathdisplay@stack=\toks19
LaTeX Info: Redefining \[ on input line 2844.
LaTeX Info: Redefining \] on input line 2845.
)
(c:/Users/s425824/AppData/Roaming/TinyTeX/texmf-dist/tex/generic/ifxetex/ifxete
x.sty
Package: ifxetex 2010/09/12 v0.6 Provides ifxetex conditional
)
(c:/Users/s425824/AppData/Roaming/TinyTeX/texmf-dist/tex/generic/oberdiek/iflua
tex.sty
Package: ifluatex 2016/05/16 v1.4 Provides the ifluatex switch (HO)
Package ifluatex Info: LuaTeX not detected.
)
(c:/Users/s425824/AppData/Roaming/TinyTeX/texmf-dist/tex/latex/base/fixltx2e.st
y
Package: fixltx2e 2016/12/29 v2.1a fixes to LaTeX (obsolete)
Applying: [2015/01/01] Old fixltx2e package on input line 46.

Package fixltx2e Warning: fixltx2e is not required with releases after 2015
(fixltx2e)                All fixes are now in the LaTeX kernel.
(fixltx2e)                See the latexrelease package for details.

Already applied: [0000/00/00] Old fixltx2e package on input line 53.
)
(c:/Users/s425824/AppData/Roaming/TinyTeX/texmf-dist/tex/latex/base/fontenc.sty
Package: fontenc 2018/08/11 v2.0j Standard LaTeX package
(c:/Users/s425824/AppData/Roaming/TinyTeX/texmf-dist/tex/latex/base/t1enc.def
File: t1enc.def 2018/08/11 v2.0j Standard LaTeX file
LaTeX Font Info:    Redeclaring font encoding T1 on input line 48.
))
(c:/Users/s425824/AppData/Roaming/TinyTeX/texmf-dist/tex/latex/base/inputenc.st
y
Package: inputenc 2018/08/11 v1.3c Input encoding file
\inpenc@prehook=\toks20
\inpenc@posthook=\toks21
)
(c:/Users/s425824/AppData/Roaming/TinyTeX/texmf-dist/tex/latex/upquote/upquote.
sty
Package: upquote 2012/04/19 v1.3 upright-quote and grave-accent glyphs in verba
tim

(c:/Users/s425824/AppData/Roaming/TinyTeX/texmf-dist/tex/latex/base/textcomp.st
y
Package: textcomp 2018/08/11 v2.0j Standard LaTeX package
Package textcomp Info: Sub-encoding information:
(textcomp)               5 = only ISO-Adobe without \textcurrency
(textcomp)               4 = 5 + \texteuro
(textcomp)               3 = 4 + \textohm
(textcomp)               2 = 3 + \textestimated + \textcurrency
(textcomp)               1 = TS1 - \textcircled - \t
(textcomp)               0 = TS1 (full)
(textcomp)             Font families with sub-encoding setting implement
(textcomp)             only a restricted character set as indicated.
(textcomp)             Family '?' is the default used for unknown fonts.
(textcomp)             See the documentation for details.
Package textcomp Info: Setting ? sub-encoding to TS1/1 on input line 79.
(c:/Users/s425824/AppData/Roaming/TinyTeX/texmf-dist/tex/latex/base/ts1enc.def
File: ts1enc.def 2001/06/05 v3.0e (jk/car/fm) Standard LaTeX file
Now handling font encoding TS1 ...
... processing UTF-8 mapping file for font encoding TS1
(c:/Users/s425824/AppData/Roaming/TinyTeX/texmf-dist/tex/latex/base/ts1enc.dfu
File: ts1enc.dfu 2018/10/05 v1.2f UTF-8 support for inputenc
   defining Unicode char U+00A2 (decimal 162)
   defining Unicode char U+00A3 (decimal 163)
   defining Unicode char U+00A4 (decimal 164)
   defining Unicode char U+00A5 (decimal 165)
   defining Unicode char U+00A6 (decimal 166)
   defining Unicode char U+00A7 (decimal 167)
   defining Unicode char U+00A8 (decimal 168)
   defining Unicode char U+00A9 (decimal 169)
   defining Unicode char U+00AA (decimal 170)
   defining Unicode char U+00AC (decimal 172)
   defining Unicode char U+00AE (decimal 174)
   defining Unicode char U+00AF (decimal 175)
   defining Unicode char U+00B0 (decimal 176)
   defining Unicode char U+00B1 (decimal 177)
   defining Unicode char U+00B2 (decimal 178)
   defining Unicode char U+00B3 (decimal 179)
   defining Unicode char U+00B4 (decimal 180)
   defining Unicode char U+00B5 (decimal 181)
   defining Unicode char U+00B6 (decimal 182)
   defining Unicode char U+00B7 (decimal 183)
   defining Unicode char U+00B9 (decimal 185)
   defining Unicode char U+00BA (decimal 186)
   defining Unicode char U+00BC (decimal 188)
   defining Unicode char U+00BD (decimal 189)
   defining Unicode char U+00BE (decimal 190)
   defining Unicode char U+00D7 (decimal 215)
   defining Unicode char U+00F7 (decimal 247)
   defining Unicode char U+0192 (decimal 402)
   defining Unicode char U+02C7 (decimal 711)
   defining Unicode char U+02D8 (decimal 728)
   defining Unicode char U+02DD (decimal 733)
   defining Unicode char U+0E3F (decimal 3647)
   defining Unicode char U+2016 (decimal 8214)
   defining Unicode char U+2020 (decimal 8224)
   defining Unicode char U+2021 (decimal 8225)
   defining Unicode char U+2022 (decimal 8226)
   defining Unicode char U+2030 (decimal 8240)
   defining Unicode char U+2031 (decimal 8241)
   defining Unicode char U+203B (decimal 8251)
   defining Unicode char U+203D (decimal 8253)
   defining Unicode char U+2044 (decimal 8260)
   defining Unicode char U+204E (decimal 8270)
   defining Unicode char U+2052 (decimal 8274)
   defining Unicode char U+20A1 (decimal 8353)
   defining Unicode char U+20A4 (decimal 8356)
   defining Unicode char U+20A6 (decimal 8358)
   defining Unicode char U+20A9 (decimal 8361)
   defining Unicode char U+20AB (decimal 8363)
   defining Unicode char U+20AC (decimal 8364)
   defining Unicode char U+20B1 (decimal 8369)
   defining Unicode char U+2103 (decimal 8451)
   defining Unicode char U+2116 (decimal 8470)
   defining Unicode char U+2117 (decimal 8471)
   defining Unicode char U+211E (decimal 8478)
   defining Unicode char U+2120 (decimal 8480)
   defining Unicode char U+2122 (decimal 8482)
   defining Unicode char U+2126 (decimal 8486)
   defining Unicode char U+2127 (decimal 8487)
   defining Unicode char U+212E (decimal 8494)
   defining Unicode char U+2190 (decimal 8592)
   defining Unicode char U+2191 (decimal 8593)
   defining Unicode char U+2192 (decimal 8594)
   defining Unicode char U+2193 (decimal 8595)
   defining Unicode char U+2329 (decimal 9001)
   defining Unicode char U+232A (decimal 9002)
   defining Unicode char U+2422 (decimal 9250)
   defining Unicode char U+25E6 (decimal 9702)
   defining Unicode char U+25EF (decimal 9711)
   defining Unicode char U+266A (decimal 9834)
   defining Unicode char U+FEFF (decimal 65279)
))
LaTeX Info: Redefining \oldstylenums on input line 334.
Package textcomp Info: Setting cmr sub-encoding to TS1/0 on input line 349.
Package textcomp Info: Setting cmss sub-encoding to TS1/0 on input line 350.
Package textcomp Info: Setting cmtt sub-encoding to TS1/0 on input line 351.
Package textcomp Info: Setting cmvtt sub-encoding to TS1/0 on input line 352.
Package textcomp Info: Setting cmbr sub-encoding to TS1/0 on input line 353.
Package textcomp Info: Setting cmtl sub-encoding to TS1/0 on input line 354.
Package textcomp Info: Setting ccr sub-encoding to TS1/0 on input line 355.
Package textcomp Info: Setting ptm sub-encoding to TS1/4 on input line 356.
Package textcomp Info: Setting pcr sub-encoding to TS1/4 on input line 357.
Package textcomp Info: Setting phv sub-encoding to TS1/4 on input line 358.
Package textcomp Info: Setting ppl sub-encoding to TS1/3 on input line 359.
Package textcomp Info: Setting pag sub-encoding to TS1/4 on input line 360.
Package textcomp Info: Setting pbk sub-encoding to TS1/4 on input line 361.
Package textcomp Info: Setting pnc sub-encoding to TS1/4 on input line 362.
Package textcomp Info: Setting pzc sub-encoding to TS1/4 on input line 363.
Package textcomp Info: Setting bch sub-encoding to TS1/4 on input line 364.
Package textcomp Info: Setting put sub-encoding to TS1/5 on input line 365.
Package textcomp Info: Setting uag sub-encoding to TS1/5 on input line 366.
Package textcomp Info: Setting ugq sub-encoding to TS1/5 on input line 367.
Package textcomp Info: Setting ul8 sub-encoding to TS1/4 on input line 368.
Package textcomp Info: Setting ul9 sub-encoding to TS1/4 on input line 369.
Package textcomp Info: Setting augie sub-encoding to TS1/5 on input line 370.
Package textcomp Info: Setting dayrom sub-encoding to TS1/3 on input line 371.
Package textcomp Info: Setting dayroms sub-encoding to TS1/3 on input line 372.

Package textcomp Info: Setting pxr sub-encoding to TS1/0 on input line 373.
Package textcomp Info: Setting pxss sub-encoding to TS1/0 on input line 374.
Package textcomp Info: Setting pxtt sub-encoding to TS1/0 on input line 375.
Package textcomp Info: Setting txr sub-encoding to TS1/0 on input line 376.
Package textcomp Info: Setting txss sub-encoding to TS1/0 on input line 377.
Package textcomp Info: Setting txtt sub-encoding to TS1/0 on input line 378.
Package textcomp Info: Setting lmr sub-encoding to TS1/0 on input line 379.
Package textcomp Info: Setting lmdh sub-encoding to TS1/0 on input line 380.
Package textcomp Info: Setting lmss sub-encoding to TS1/0 on input line 381.
Package textcomp Info: Setting lmssq sub-encoding to TS1/0 on input line 382.
Package textcomp Info: Setting lmvtt sub-encoding to TS1/0 on input line 383.
Package textcomp Info: Setting lmtt sub-encoding to TS1/0 on input line 384.
Package textcomp Info: Setting qhv sub-encoding to TS1/0 on input line 385.
Package textcomp Info: Setting qag sub-encoding to TS1/0 on input line 386.
Package textcomp Info: Setting qbk sub-encoding to TS1/0 on input line 387.
Package textcomp Info: Setting qcr sub-encoding to TS1/0 on input line 388.
Package textcomp Info: Setting qcs sub-encoding to TS1/0 on input line 389.
Package textcomp Info: Setting qpl sub-encoding to TS1/0 on input line 390.
Package textcomp Info: Setting qtm sub-encoding to TS1/0 on input line 391.
Package textcomp Info: Setting qzc sub-encoding to TS1/0 on input line 392.
Package textcomp Info: Setting qhvc sub-encoding to TS1/0 on input line 393.
Package textcomp Info: Setting futs sub-encoding to TS1/4 on input line 394.
Package textcomp Info: Setting futx sub-encoding to TS1/4 on input line 395.
Package textcomp Info: Setting futj sub-encoding to TS1/4 on input line 396.
Package textcomp Info: Setting hlh sub-encoding to TS1/3 on input line 397.
Package textcomp Info: Setting hls sub-encoding to TS1/3 on input line 398.
Package textcomp Info: Setting hlst sub-encoding to TS1/3 on input line 399.
Package textcomp Info: Setting hlct sub-encoding to TS1/5 on input line 400.
Package textcomp Info: Setting hlx sub-encoding to TS1/5 on input line 401.
Package textcomp Info: Setting hlce sub-encoding to TS1/5 on input line 402.
Package textcomp Info: Setting hlcn sub-encoding to TS1/5 on input line 403.
Package textcomp Info: Setting hlcw sub-encoding to TS1/5 on input line 404.
Package textcomp Info: Setting hlcf sub-encoding to TS1/5 on input line 405.
Package textcomp Info: Setting pplx sub-encoding to TS1/3 on input line 406.
Package textcomp Info: Setting pplj sub-encoding to TS1/3 on input line 407.
Package textcomp Info: Setting ptmx sub-encoding to TS1/4 on input line 408.
Package textcomp Info: Setting ptmj sub-encoding to TS1/4 on input line 409.
))
(c:/Users/s425824/AppData/Roaming/TinyTeX/texmf-dist/tex/latex/microtype/microt
ype.sty
Package: microtype 2018/01/14 v2.7a Micro-typographical refinements (RS)

(c:/Users/s425824/AppData/Roaming/TinyTeX/texmf-dist/tex/latex/graphics/keyval.
sty
Package: keyval 2014/10/28 v1.15 key=value parser (DPC)
\KV@toks@=\toks22
)
\MT@toks=\toks23
\MT@count=\count100
LaTeX Info: Redefining \textls on input line 793.
\MT@outer@kern=\dimen112
LaTeX Info: Redefining \textmicrotypecontext on input line 1339.
\MT@listname@count=\count101

(c:/Users/s425824/AppData/Roaming/TinyTeX/texmf-dist/tex/latex/microtype/microt
ype-pdftex.def
File: microtype-pdftex.def 2018/01/14 v2.7a Definitions specific to pdftex (RS)

LaTeX Info: Redefining \lsstyle on input line 913.
LaTeX Info: Redefining \lslig on input line 913.
\MT@outer@space=\skip46
)
Package microtype Info: Loading configuration file microtype.cfg.

(c:/Users/s425824/AppData/Roaming/TinyTeX/texmf-dist/tex/latex/microtype/microt
ype.cfg
File: microtype.cfg 2018/01/14 v2.7a microtype main configuration file (RS)
))
(c:/Users/s425824/AppData/Roaming/TinyTeX/texmf-dist/tex/latex/geometry/geometr
y.sty
Package: geometry 2018/04/16 v5.8 Page Geometry

(c:/Users/s425824/AppData/Roaming/TinyTeX/texmf-dist/tex/generic/oberdiek/ifpdf
.sty
Package: ifpdf 2018/09/07 v3.3 Provides the ifpdf switch
)
(c:/Users/s425824/AppData/Roaming/TinyTeX/texmf-dist/tex/generic/oberdiek/ifvte
x.sty
Package: ifvtex 2016/05/16 v1.6 Detect VTeX and its facilities (HO)
Package ifvtex Info: VTeX not detected.
)
\Gm@cnth=\count102
\Gm@cntv=\count103
\c@Gm@tempcnt=\count104
\Gm@bindingoffset=\dimen113
\Gm@wd@mp=\dimen114
\Gm@odd@mp=\dimen115
\Gm@even@mp=\dimen116
\Gm@layoutwidth=\dimen117
\Gm@layoutheight=\dimen118
\Gm@layouthoffset=\dimen119
\Gm@layoutvoffset=\dimen120
\Gm@dimlist=\toks24
)
(c:/Users/s425824/AppData/Roaming/TinyTeX/texmf-dist/tex/latex/hyperref/hyperre
f.sty
Package: hyperref 2018/11/30 v6.88e Hypertext links for LaTeX

(c:/Users/s425824/AppData/Roaming/TinyTeX/texmf-dist/tex/generic/oberdiek/hobsu
b-hyperref.sty
Package: hobsub-hyperref 2016/05/16 v1.14 Bundle oberdiek, subset hyperref (HO)


(c:/Users/s425824/AppData/Roaming/TinyTeX/texmf-dist/tex/generic/oberdiek/hobsu
b-generic.sty
Package: hobsub-generic 2016/05/16 v1.14 Bundle oberdiek, subset generic (HO)
Package: hobsub 2016/05/16 v1.14 Construct package bundles (HO)
Package: infwarerr 2016/05/16 v1.4 Providing info/warning/error messages (HO)
Package: ltxcmds 2016/05/16 v1.23 LaTeX kernel commands for general use (HO)
Package hobsub Info: Skipping package `ifluatex' (already loaded).
Package hobsub Info: Skipping package `ifvtex' (already loaded).
Package: intcalc 2016/05/16 v1.2 Expandable calculations with integers (HO)
Package hobsub Info: Skipping package `ifpdf' (already loaded).
Package: etexcmds 2016/05/16 v1.6 Avoid name clashes with e-TeX commands (HO)
Package etexcmds Info: Could not find \expanded.
(etexcmds)             That can mean that you are not using pdfTeX 1.50 or
(etexcmds)             that some package has redefined \expanded.
(etexcmds)             In the latter case, load this package earlier.
Package: kvsetkeys 2016/05/16 v1.17 Key value parser (HO)
Package: kvdefinekeys 2016/05/16 v1.4 Define keys (HO)
Package: pdftexcmds 2018/09/10 v0.29 Utility functions of pdfTeX for LuaTeX (HO
)
Package pdftexcmds Info: LuaTeX not detected.
Package pdftexcmds Info: \pdf@primitive is available.
Package pdftexcmds Info: \pdf@ifprimitive is available.
Package pdftexcmds Info: \pdfdraftmode found.
Package: pdfescape 2016/05/16 v1.14 Implements pdfTeX's escape features (HO)
Package: bigintcalc 2016/05/16 v1.4 Expandable calculations on big integers (HO
)
Package: bitset 2016/05/16 v1.2 Handle bit-vector datatype (HO)
Package: uniquecounter 2016/05/16 v1.3 Provide unlimited unique counter (HO)
)
Package hobsub Info: Skipping package `hobsub' (already loaded).
Package: letltxmacro 2016/05/16 v1.5 Let assignment for LaTeX macros (HO)
Package: hopatch 2016/05/16 v1.3 Wrapper for package hooks (HO)
Package: xcolor-patch 2016/05/16 xcolor patch
Package: atveryend 2016/05/16 v1.9 Hooks at the very end of document (HO)
Package atveryend Info: \enddocument detected (standard20110627).
Package: atbegshi 2016/06/09 v1.18 At begin shipout hook (HO)
Package: refcount 2016/05/16 v3.5 Data extraction from label references (HO)
Package: hycolor 2016/05/16 v1.8 Color options for hyperref/bookmark (HO)
)
(c:/Users/s425824/AppData/Roaming/TinyTeX/texmf-dist/tex/latex/oberdiek/auxhook
.sty
Package: auxhook 2016/05/16 v1.4 Hooks for auxiliary files (HO)
)
(c:/Users/s425824/AppData/Roaming/TinyTeX/texmf-dist/tex/latex/oberdiek/kvoptio
ns.sty
Package: kvoptions 2016/05/16 v3.12 Key value format for package options (HO)
)
\@linkdim=\dimen121
\Hy@linkcounter=\count105
\Hy@pagecounter=\count106

(c:/Users/s425824/AppData/Roaming/TinyTeX/texmf-dist/tex/latex/hyperref/pd1enc.
def
File: pd1enc.def 2018/11/30 v6.88e Hyperref: PDFDocEncoding definition (HO)
Now handling font encoding PD1 ...
... no UTF-8 mapping file for font encoding PD1
)
\Hy@SavedSpaceFactor=\count107

(c:/Users/s425824/AppData/Roaming/TinyTeX/texmf-dist/tex/latex/latexconfig/hype
rref.cfg
File: hyperref.cfg 2002/06/06 v1.2 hyperref configuration of TeXLive
)
Package hyperref Info: Hyper figures OFF on input line 4519.
Package hyperref Info: Link nesting OFF on input line 4524.
Package hyperref Info: Hyper index ON on input line 4527.
Package hyperref Info: Plain pages OFF on input line 4534.
Package hyperref Info: Backreferencing OFF on input line 4539.
Package hyperref Info: Implicit mode ON; LaTeX internals redefined.
Package hyperref Info: Bookmarks ON on input line 4772.
\c@Hy@tempcnt=\count108
(c:/Users/s425824/AppData/Roaming/TinyTeX/texmf-dist/tex/latex/url/url.sty
\Urlmuskip=\muskip11
Package: url 2013/09/16  ver 3.4  Verb mode for urls, etc.
)
LaTeX Info: Redefining \url on input line 5125.
\XeTeXLinkMargin=\dimen122
\Fld@menulength=\count109
\Field@Width=\dimen123
\Fld@charsize=\dimen124
Package hyperref Info: Hyper figures OFF on input line 6380.
Package hyperref Info: Link nesting OFF on input line 6385.
Package hyperref Info: Hyper index ON on input line 6388.
Package hyperref Info: backreferencing OFF on input line 6395.
Package hyperref Info: Link coloring OFF on input line 6400.
Package hyperref Info: Link coloring with OCG OFF on input line 6405.
Package hyperref Info: PDF/A mode OFF on input line 6410.
LaTeX Info: Redefining \ref on input line 6450.
LaTeX Info: Redefining \pageref on input line 6454.
\Hy@abspage=\count110
\c@Item=\count111
\c@Hfootnote=\count112
)
Package hyperref Info: Driver (autodetected): hpdftex.

(c:/Users/s425824/AppData/Roaming/TinyTeX/texmf-dist/tex/latex/hyperref/hpdftex
.def
File: hpdftex.def 2018/11/30 v6.88e Hyperref driver for pdfTeX
\Fld@listcount=\count113
\c@bookmark@seq@number=\count114

(c:/Users/s425824/AppData/Roaming/TinyTeX/texmf-dist/tex/latex/oberdiek/rerunfi
lecheck.sty
Package: rerunfilecheck 2016/05/16 v1.8 Rerun checks for auxiliary files (HO)
Package uniquecounter Info: New unique counter `rerunfilecheck' on input line 2
82.
)
\Hy@SectionHShift=\skip47
)
Package hyperref Info: Option `unicode' set `true' on input line 30.

(c:/Users/s425824/AppData/Roaming/TinyTeX/texmf-dist/tex/latex/hyperref/puenc.d
ef
File: puenc.def 2018/11/30 v6.88e Hyperref: PDF Unicode definition (HO)
Now handling font encoding PU ...
... no UTF-8 mapping file for font encoding PU
)
Package hyperref Info: Option `breaklinks' set `true' on input line 30.

(c:/Users/s425824/AppData/Roaming/TinyTeX/texmf-dist/tex/latex/graphics/color.s
ty
Package: color 2016/07/10 v1.1e Standard LaTeX Color (DPC)

(c:/Users/s425824/AppData/Roaming/TinyTeX/texmf-dist/tex/latex/graphics-cfg/col
or.cfg
File: color.cfg 2016/01/02 v1.6 sample color configuration
)
Package color Info: Driver file: pdftex.def on input line 147.

(c:/Users/s425824/AppData/Roaming/TinyTeX/texmf-dist/tex/latex/graphics-def/pdf
tex.def
File: pdftex.def 2018/01/08 v1.0l Graphics/color driver for pdftex
))
(c:/Users/s425824/AppData/Roaming/TinyTeX/texmf-dist/tex/latex/fancyvrb/fancyvr
b.sty
Package: fancyvrb 2019/01/15
Style option: `fancyvrb' v3.2a <2019/01/15> (tvz)
\FV@CodeLineNo=\count115
\FV@InFile=\read1
\FV@TabBox=\box29
\c@FancyVerbLine=\count116
\FV@StepNumber=\count117
\FV@OutFile=\write3
)
(c:/Users/s425824/AppData/Roaming/TinyTeX/texmf-dist/tex/latex/framed/framed.st
y
Package: framed 2011/10/22 v 0.96: framed or shaded text with page breaks
\OuterFrameSep=\skip48
\fb@frw=\dimen125
\fb@frh=\dimen126
\FrameRule=\dimen127
\FrameSep=\dimen128
)
(c:/Users/s425824/AppData/Roaming/TinyTeX/texmf-dist/tex/latex/tools/longtable.
sty
Package: longtable 2014/10/28 v4.11 Multi-page Table package (DPC)+ FMi change
\LTleft=\skip49
\LTright=\skip50
\LTpre=\skip51
\LTpost=\skip52
\LTchunksize=\count118
\LTcapwidth=\dimen129
\LT@head=\box30
\LT@firsthead=\box31
\LT@foot=\box32
\LT@lastfoot=\box33
\LT@cols=\count119
\LT@rows=\count120
\c@LT@tables=\count121
\c@LT@chunks=\count122
\LT@p@ftn=\toks25
)
(c:/Users/s425824/AppData/Roaming/TinyTeX/texmf-dist/tex/latex/booktabs/booktab
s.sty
Package: booktabs 2016/04/27 v1.618033 publication quality tables
\heavyrulewidth=\dimen130
\lightrulewidth=\dimen131
\cmidrulewidth=\dimen132
\belowrulesep=\dimen133
\belowbottomsep=\dimen134
\aboverulesep=\dimen135
\abovetopsep=\dimen136
\cmidrulesep=\dimen137
\cmidrulekern=\dimen138
\defaultaddspace=\dimen139
\@cmidla=\count123
\@cmidlb=\count124
\@aboverulesep=\dimen140
\@belowrulesep=\dimen141
\@thisruleclass=\count125
\@lastruleclass=\count126
\@thisrulewidth=\dimen142
)
(c:/Users/s425824/AppData/Roaming/TinyTeX/texmf-dist/tex/latex/graphics/graphic
x.sty
Package: graphicx 2017/06/01 v1.1a Enhanced LaTeX Graphics (DPC,SPQR)

(c:/Users/s425824/AppData/Roaming/TinyTeX/texmf-dist/tex/latex/graphics/graphic
s.sty
Package: graphics 2017/06/25 v1.2c Standard LaTeX Graphics (DPC,SPQR)

(c:/Users/s425824/AppData/Roaming/TinyTeX/texmf-dist/tex/latex/graphics/trig.st
y
Package: trig 2016/01/03 v1.10 sin cos tan (DPC)
)
(c:/Users/s425824/AppData/Roaming/TinyTeX/texmf-dist/tex/latex/graphics-cfg/gra
phics.cfg
File: graphics.cfg 2016/06/04 v1.11 sample graphics configuration
)
Package graphics Info: Driver file: pdftex.def on input line 99.
)
\Gin@req@height=\dimen143
\Gin@req@width=\dimen144
)
(c:/Users/s425824/AppData/Roaming/TinyTeX/texmf-dist/tex/latex/oberdiek/grffile
.sty
Package: grffile 2017/06/30 v1.18 Extended file name support for graphics (HO)
Package grffile Info: Option `multidot' is set to `true'.
Package grffile Info: Option `extendedchars' is set to `false'.
Package grffile Info: Option `space' is set to `true'.
Package grffile Info: \Gin@ii of package `graphicx' fixed on input line 494.
)
(c:/Users/s425824/AppData/Roaming/TinyTeX/texmf-dist/tex/latex/titling/titling.
sty
Package: titling 2009/09/04 v2.1d maketitle typesetting
\thanksmarkwidth=\skip53
\thanksmargin=\skip54
\droptitle=\skip55
)
(c:/Users/s425824/AppData/Roaming/TinyTeX/texmf-dist/tex/latex/tcolorbox/tcolor
box.sty
Package: tcolorbox 2018/12/07 version 4.15 text color boxes

(c:/Users/s425824/AppData/Roaming/TinyTeX/texmf-dist/tex/latex/pgf/basiclayer/p
gf.sty
(c:/Users/s425824/AppData/Roaming/TinyTeX/texmf-dist/tex/latex/pgf/utilities/pg
frcs.sty
(c:/Users/s425824/AppData/Roaming/TinyTeX/texmf-dist/tex/generic/pgf/utilities/
pgfutil-common.tex
\pgfutil@everybye=\toks26
\pgfutil@tempdima=\dimen145
\pgfutil@tempdimb=\dimen146

(c:/Users/s425824/AppData/Roaming/TinyTeX/texmf-dist/tex/generic/pgf/utilities/
pgfutil-common-lists.tex))
(c:/Users/s425824/AppData/Roaming/TinyTeX/texmf-dist/tex/generic/pgf/utilities/
pgfutil-latex.def
\pgfutil@abb=\box34
(c:/Users/s425824/AppData/Roaming/TinyTeX/texmf-dist/tex/latex/ms/everyshi.sty
Package: everyshi 2001/05/15 v3.00 EveryShipout Package (MS)
))
(c:/Users/s425824/AppData/Roaming/TinyTeX/texmf-dist/tex/generic/pgf/utilities/
pgfrcs.code.tex
(c:/Users/s425824/AppData/Roaming/TinyTeX/texmf-dist/tex/generic/pgf/pgf.revisi
on.tex)
Package: pgfrcs 2019/02/02 v3.1.1 (3.1.1)
))
Package: pgf 2019/02/02 v3.1.1 (3.1.1)

(c:/Users/s425824/AppData/Roaming/TinyTeX/texmf-dist/tex/latex/pgf/basiclayer/p
gfcore.sty
(c:/Users/s425824/AppData/Roaming/TinyTeX/texmf-dist/tex/latex/pgf/systemlayer/
pgfsys.sty
(c:/Users/s425824/AppData/Roaming/TinyTeX/texmf-dist/tex/generic/pgf/systemlaye
r/pgfsys.code.tex
Package: pgfsys 2019/02/02 v3.1.1 (3.1.1)

(c:/Users/s425824/AppData/Roaming/TinyTeX/texmf-dist/tex/generic/pgf/utilities/
pgfkeys.code.tex
\pgfkeys@pathtoks=\toks27
\pgfkeys@temptoks=\toks28

(c:/Users/s425824/AppData/Roaming/TinyTeX/texmf-dist/tex/generic/pgf/utilities/
pgfkeysfiltered.code.tex
\pgfkeys@tmptoks=\toks29
))
\pgf@x=\dimen147
\pgf@y=\dimen148
\pgf@xa=\dimen149
\pgf@ya=\dimen150
\pgf@xb=\dimen151
\pgf@yb=\dimen152
\pgf@xc=\dimen153
\pgf@yc=\dimen154
\w@pgf@writea=\write4
\r@pgf@reada=\read2
\c@pgf@counta=\count127
\c@pgf@countb=\count128
\c@pgf@countc=\count129
\c@pgf@countd=\count130
\t@pgf@toka=\toks30
\t@pgf@tokb=\toks31
\t@pgf@tokc=\toks32
\pgf@sys@id@count=\count131

(c:/Users/s425824/AppData/Roaming/TinyTeX/texmf-dist/tex/generic/pgf/systemlaye
r/pgf.cfg
File: pgf.cfg 2019/02/02 v3.1.1 (3.1.1)
)
Driver file for pgf: pgfsys-pdftex.def

(c:/Users/s425824/AppData/Roaming/TinyTeX/texmf-dist/tex/generic/pgf/systemlaye
r/pgfsys-pdftex.def
File: pgfsys-pdftex.def 2019/02/02 v3.1.1 (3.1.1)

(c:/Users/s425824/AppData/Roaming/TinyTeX/texmf-dist/tex/generic/pgf/systemlaye
r/pgfsys-common-pdf.def
File: pgfsys-common-pdf.def 2019/02/02 v3.1.1 (3.1.1)
)))
(c:/Users/s425824/AppData/Roaming/TinyTeX/texmf-dist/tex/generic/pgf/systemlaye
r/pgfsyssoftpath.code.tex
File: pgfsyssoftpath.code.tex 2019/02/02 v3.1.1 (3.1.1)
\pgfsyssoftpath@smallbuffer@items=\count132
\pgfsyssoftpath@bigbuffer@items=\count133
)
(c:/Users/s425824/AppData/Roaming/TinyTeX/texmf-dist/tex/generic/pgf/systemlaye
r/pgfsysprotocol.code.tex
File: pgfsysprotocol.code.tex 2019/02/02 v3.1.1 (3.1.1)
))
(c:/Users/s425824/AppData/Roaming/TinyTeX/texmf-dist/tex/latex/xcolor/xcolor.st
y
Package: xcolor 2016/05/11 v2.12 LaTeX color extensions (UK)

(c:/Users/s425824/AppData/Roaming/TinyTeX/texmf-dist/tex/latex/graphics-cfg/col
or.cfg
File: color.cfg 2016/01/02 v1.6 sample color configuration
)
Package xcolor Info: Driver file: pdftex.def on input line 225.
LaTeX Info: Redefining \color on input line 709.
Package xcolor Info: Model `cmy' substituted by `cmy0' on input line 1348.
Package xcolor Info: Model `hsb' substituted by `rgb' on input line 1352.
Package xcolor Info: Model `RGB' extended on input line 1364.
Package xcolor Info: Model `HTML' substituted by `rgb' on input line 1366.
Package xcolor Info: Model `Hsb' substituted by `hsb' on input line 1367.
Package xcolor Info: Model `tHsb' substituted by `hsb' on input line 1368.
Package xcolor Info: Model `HSB' substituted by `hsb' on input line 1369.
Package xcolor Info: Model `Gray' substituted by `gray' on input line 1370.
Package xcolor Info: Model `wave' substituted by `hsb' on input line 1371.
)
(c:/Users/s425824/AppData/Roaming/TinyTeX/texmf-dist/tex/generic/pgf/basiclayer
/pgfcore.code.tex
Package: pgfcore 2019/02/02 v3.1.1 (3.1.1)

(c:/Users/s425824/AppData/Roaming/TinyTeX/texmf-dist/tex/generic/pgf/math/pgfma
th.code.tex
(c:/Users/s425824/AppData/Roaming/TinyTeX/texmf-dist/tex/generic/pgf/math/pgfma
thcalc.code.tex
(c:/Users/s425824/AppData/Roaming/TinyTeX/texmf-dist/tex/generic/pgf/math/pgfma
thutil.code.tex)
(c:/Users/s425824/AppData/Roaming/TinyTeX/texmf-dist/tex/generic/pgf/math/pgfma
thparser.code.tex
\pgfmath@dimen=\dimen155
\pgfmath@count=\count134
\pgfmath@box=\box35
\pgfmath@toks=\toks33
\pgfmath@stack@operand=\toks34
\pgfmath@stack@operation=\toks35
)
(c:/Users/s425824/AppData/Roaming/TinyTeX/texmf-dist/tex/generic/pgf/math/pgfma
thfunctions.code.tex
(c:/Users/s425824/AppData/Roaming/TinyTeX/texmf-dist/tex/generic/pgf/math/pgfma
thfunctions.basic.code.tex)
(c:/Users/s425824/AppData/Roaming/TinyTeX/texmf-dist/tex/generic/pgf/math/pgfma
thfunctions.trigonometric.code.tex)
(c:/Users/s425824/AppData/Roaming/TinyTeX/texmf-dist/tex/generic/pgf/math/pgfma
thfunctions.random.code.tex)
(c:/Users/s425824/AppData/Roaming/TinyTeX/texmf-dist/tex/generic/pgf/math/pgfma
thfunctions.comparison.code.tex)
(c:/Users/s425824/AppData/Roaming/TinyTeX/texmf-dist/tex/generic/pgf/math/pgfma
thfunctions.base.code.tex)
(c:/Users/s425824/AppData/Roaming/TinyTeX/texmf-dist/tex/generic/pgf/math/pgfma
thfunctions.round.code.tex)
(c:/Users/s425824/AppData/Roaming/TinyTeX/texmf-dist/tex/generic/pgf/math/pgfma
thfunctions.misc.code.tex)
(c:/Users/s425824/AppData/Roaming/TinyTeX/texmf-dist/tex/generic/pgf/math/pgfma
thfunctions.integerarithmetics.code.tex)))
(c:/Users/s425824/AppData/Roaming/TinyTeX/texmf-dist/tex/generic/pgf/math/pgfma
thfloat.code.tex
\c@pgfmathroundto@lastzeros=\count135
))
(c:/Users/s425824/AppData/Roaming/TinyTeX/texmf-dist/tex/generic/pgf/basiclayer
/pgfcorepoints.code.tex
File: pgfcorepoints.code.tex 2019/02/02 v3.1.1 (3.1.1)
\pgf@picminx=\dimen156
\pgf@picmaxx=\dimen157
\pgf@picminy=\dimen158
\pgf@picmaxy=\dimen159
\pgf@pathminx=\dimen160
\pgf@pathmaxx=\dimen161
\pgf@pathminy=\dimen162
\pgf@pathmaxy=\dimen163
\pgf@xx=\dimen164
\pgf@xy=\dimen165
\pgf@yx=\dimen166
\pgf@yy=\dimen167
\pgf@zx=\dimen168
\pgf@zy=\dimen169
)
(c:/Users/s425824/AppData/Roaming/TinyTeX/texmf-dist/tex/generic/pgf/basiclayer
/pgfcorepathconstruct.code.tex
File: pgfcorepathconstruct.code.tex 2019/02/02 v3.1.1 (3.1.1)
\pgf@path@lastx=\dimen170
\pgf@path@lasty=\dimen171
)
(c:/Users/s425824/AppData/Roaming/TinyTeX/texmf-dist/tex/generic/pgf/basiclayer
/pgfcorepathusage.code.tex
File: pgfcorepathusage.code.tex 2019/02/02 v3.1.1 (3.1.1)
\pgf@shorten@end@additional=\dimen172
\pgf@shorten@start@additional=\dimen173
)
(c:/Users/s425824/AppData/Roaming/TinyTeX/texmf-dist/tex/generic/pgf/basiclayer
/pgfcorescopes.code.tex
File: pgfcorescopes.code.tex 2019/02/02 v3.1.1 (3.1.1)
\pgfpic=\box36
\pgf@hbox=\box37
\pgf@layerbox@main=\box38
\pgf@picture@serial@count=\count136
)
(c:/Users/s425824/AppData/Roaming/TinyTeX/texmf-dist/tex/generic/pgf/basiclayer
/pgfcoregraphicstate.code.tex
File: pgfcoregraphicstate.code.tex 2019/02/02 v3.1.1 (3.1.1)
\pgflinewidth=\dimen174
)
(c:/Users/s425824/AppData/Roaming/TinyTeX/texmf-dist/tex/generic/pgf/basiclayer
/pgfcoretransformations.code.tex
File: pgfcoretransformations.code.tex 2019/02/02 v3.1.1 (3.1.1)
\pgf@pt@x=\dimen175
\pgf@pt@y=\dimen176
\pgf@pt@temp=\dimen177
)
(c:/Users/s425824/AppData/Roaming/TinyTeX/texmf-dist/tex/generic/pgf/basiclayer
/pgfcorequick.code.tex
File: pgfcorequick.code.tex 2019/02/02 v3.1.1 (3.1.1)
)
(c:/Users/s425824/AppData/Roaming/TinyTeX/texmf-dist/tex/generic/pgf/basiclayer
/pgfcoreobjects.code.tex
File: pgfcoreobjects.code.tex 2019/02/02 v3.1.1 (3.1.1)
)
(c:/Users/s425824/AppData/Roaming/TinyTeX/texmf-dist/tex/generic/pgf/basiclayer
/pgfcorepathprocessing.code.tex
File: pgfcorepathprocessing.code.tex 2019/02/02 v3.1.1 (3.1.1)
)
(c:/Users/s425824/AppData/Roaming/TinyTeX/texmf-dist/tex/generic/pgf/basiclayer
/pgfcorearrows.code.tex
File: pgfcorearrows.code.tex 2019/02/02 v3.1.1 (3.1.1)
\pgfarrowsep=\dimen178
)
(c:/Users/s425824/AppData/Roaming/TinyTeX/texmf-dist/tex/generic/pgf/basiclayer
/pgfcoreshade.code.tex
File: pgfcoreshade.code.tex 2019/02/02 v3.1.1 (3.1.1)
\pgf@max=\dimen179
\pgf@sys@shading@range@num=\count137
)
(c:/Users/s425824/AppData/Roaming/TinyTeX/texmf-dist/tex/generic/pgf/basiclayer
/pgfcoreimage.code.tex
File: pgfcoreimage.code.tex 2019/02/02 v3.1.1 (3.1.1)

(c:/Users/s425824/AppData/Roaming/TinyTeX/texmf-dist/tex/generic/pgf/basiclayer
/pgfcoreexternal.code.tex
File: pgfcoreexternal.code.tex 2019/02/02 v3.1.1 (3.1.1)
\pgfexternal@startupbox=\box39
))
(c:/Users/s425824/AppData/Roaming/TinyTeX/texmf-dist/tex/generic/pgf/basiclayer
/pgfcorelayers.code.tex
File: pgfcorelayers.code.tex 2019/02/02 v3.1.1 (3.1.1)
)
(c:/Users/s425824/AppData/Roaming/TinyTeX/texmf-dist/tex/generic/pgf/basiclayer
/pgfcoretransparency.code.tex
File: pgfcoretransparency.code.tex 2019/02/02 v3.1.1 (3.1.1)
)
(c:/Users/s425824/AppData/Roaming/TinyTeX/texmf-dist/tex/generic/pgf/basiclayer
/pgfcorepatterns.code.tex
File: pgfcorepatterns.code.tex 2019/02/02 v3.1.1 (3.1.1)
)
(c:/Users/s425824/AppData/Roaming/TinyTeX/texmf-dist/tex/generic/pgf/basiclayer
/pgfcorerdf.code.tex
File: pgfcorerdf.code.tex 2019/02/02 v3.1.1 (3.1.1)
)))
(c:/Users/s425824/AppData/Roaming/TinyTeX/texmf-dist/tex/generic/pgf/modules/pg
fmoduleshapes.code.tex
File: pgfmoduleshapes.code.tex 2019/02/02 v3.1.1 (3.1.1)
\pgfnodeparttextbox=\box40
)
(c:/Users/s425824/AppData/Roaming/TinyTeX/texmf-dist/tex/generic/pgf/modules/pg
fmoduleplot.code.tex
File: pgfmoduleplot.code.tex 2019/02/02 v3.1.1 (3.1.1)
)
(c:/Users/s425824/AppData/Roaming/TinyTeX/texmf-dist/tex/latex/pgf/compatibilit
y/pgfcomp-version-0-65.sty
Package: pgfcomp-version-0-65 2019/02/02 v3.1.1 (3.1.1)
\pgf@nodesepstart=\dimen180
\pgf@nodesepend=\dimen181
)
(c:/Users/s425824/AppData/Roaming/TinyTeX/texmf-dist/tex/latex/pgf/compatibilit
y/pgfcomp-version-1-18.sty
Package: pgfcomp-version-1-18 2019/02/02 v3.1.1 (3.1.1)
))
(c:/Users/s425824/AppData/Roaming/TinyTeX/texmf-dist/tex/latex/tools/verbatim.s
ty
Package: verbatim 2014/10/28 v1.5q LaTeX2e package for verbatim enhancements
\every@verbatim=\toks36
\verbatim@line=\toks37
\verbatim@in@stream=\read3
)
(c:/Users/s425824/AppData/Roaming/TinyTeX/texmf-dist/tex/latex/environ/environ.
sty
Package: environ 2014/05/04 v0.3 A new way to define environments

(c:/Users/s425824/AppData/Roaming/TinyTeX/texmf-dist/tex/latex/trimspaces/trims
paces.sty
Package: trimspaces 2009/09/17 v1.1 Trim spaces around a token list
))
(c:/Users/s425824/AppData/Roaming/TinyTeX/texmf-dist/tex/latex/etoolbox/etoolbo
x.sty
Package: etoolbox 2018/08/19 v2.5f e-TeX tools for LaTeX (JAW)
\etb@tempcnta=\count138
)
\tcb@titlebox=\box41
\tcb@upperbox=\box42
\tcb@lowerbox=\box43
\tcb@phantombox=\box44
\c@tcbbreakpart=\count139
\c@tcblayer=\count140
\tcolorbox@number=\count141
\tcb@temp=\box45
\tcb@temp=\box46
\tcb@temp=\box47
\tcb@temp=\box48
\tcb@out=\write5
\tcb@record@out=\write6
) (./IntroTutorial_dartR.aux)
\openout1 = `IntroTutorial_dartR.aux'.

LaTeX Font Info:    Checking defaults for OML/cmm/m/it on input line 164.
LaTeX Font Info:    ... okay on input line 164.
LaTeX Font Info:    Checking defaults for T1/cmr/m/n on input line 164.
LaTeX Font Info:    ... okay on input line 164.
LaTeX Font Info:    Checking defaults for OT1/cmr/m/n on input line 164.
LaTeX Font Info:    ... okay on input line 164.
LaTeX Font Info:    Checking defaults for OMS/cmsy/m/n on input line 164.
LaTeX Font Info:    ... okay on input line 164.
LaTeX Font Info:    Checking defaults for OMX/cmex/m/n on input line 164.
LaTeX Font Info:    ... okay on input line 164.
LaTeX Font Info:    Checking defaults for U/cmr/m/n on input line 164.
LaTeX Font Info:    ... okay on input line 164.
LaTeX Font Info:    Checking defaults for TS1/cmr/m/n on input line 164.
LaTeX Font Info:    Try loading font information for TS1+cmr on input line 164.

(c:/Users/s425824/AppData/Roaming/TinyTeX/texmf-dist/tex/latex/base/ts1cmr.fd
File: ts1cmr.fd 2014/09/29 v2.5h Standard LaTeX font definitions
)
LaTeX Font Info:    ... okay on input line 164.
LaTeX Font Info:    Checking defaults for PD1/pdf/m/n on input line 164.
LaTeX Font Info:    ... okay on input line 164.
LaTeX Font Info:    Checking defaults for PU/pdf/m/n on input line 164.
LaTeX Font Info:    ... okay on input line 164.
LaTeX Font Info:    Try loading font information for T1+lmr on input line 164.
(c:/Users/s425824/AppData/Roaming/TinyTeX/texmf-dist/tex/latex/lm/t1lmr.fd
File: t1lmr.fd 2009/10/30 v1.6 Font defs for Latin Modern
)
LaTeX Info: Redefining \microtypecontext on input line 164.
Package microtype Info: Generating PDF output.
Package microtype Info: Character protrusion enabled (level 2).
Package microtype Info: Using protrusion set `basicmath'.
Package microtype Info: Automatic font expansion enabled (level 2),
(microtype)             stretch: 20, shrink: 20, step: 1, non-selected.
Package microtype Info: Using default expansion set `basictext'.
Package microtype Info: No adjustment of tracking.
Package microtype Info: No adjustment of interword spacing.
Package microtype Info: No adjustment of character kerning.

(c:/Users/s425824/AppData/Roaming/TinyTeX/texmf-dist/tex/latex/microtype/mt-cmr
.cfg
File: mt-cmr.cfg 2013/05/19 v2.2 microtype config. file: Computer Modern Roman 
(RS)
)
*geometry* driver: auto-detecting
*geometry* detected driver: pdftex
*geometry* verbose mode - [ preamble ] result:
* driver: pdftex
* paper: <default>
* layout: <same size as paper>
* layoutoffset:(h,v)=(0.0pt,0.0pt)
* modes: 
* h-part:(L,W,R)=(72.26999pt, 469.75502pt, 72.26999pt)
* v-part:(T,H,B)=(72.26999pt, 650.43001pt, 72.26999pt)
* \paperwidth=614.295pt
* \paperheight=794.96999pt
* \textwidth=469.75502pt
* \textheight=650.43001pt
* \oddsidemargin=0.0pt
* \evensidemargin=0.0pt
* \topmargin=-37.0pt
* \headheight=12.0pt
* \headsep=25.0pt
* \topskip=10.0pt
* \footskip=30.0pt
* \marginparwidth=65.0pt
* \marginparsep=11.0pt
* \columnsep=10.0pt
* \skip\footins=9.0pt plus 4.0pt minus 2.0pt
* \hoffset=0.0pt
* \voffset=0.0pt
* \mag=1000
* \@twocolumnfalse
* \@twosidefalse
* \@mparswitchfalse
* \@reversemarginfalse
* (1in=72.27pt=25.4mm, 1cm=28.453pt)

\AtBeginShipoutBox=\box49
Package hyperref Info: Link coloring OFF on input line 164.

(c:/Users/s425824/AppData/Roaming/TinyTeX/texmf-dist/tex/latex/hyperref/nameref
.sty
Package: nameref 2016/05/21 v2.44 Cross-referencing by name of section

(c:/Users/s425824/AppData/Roaming/TinyTeX/texmf-dist/tex/generic/oberdiek/getti
tlestring.sty
Package: gettitlestring 2016/05/16 v1.5 Cleanup title references (HO)
)
\c@section@level=\count142
)
LaTeX Info: Redefining \ref on input line 164.
LaTeX Info: Redefining \pageref on input line 164.
LaTeX Info: Redefining \nameref on input line 164.
(./IntroTutorial_dartR.out) (./IntroTutorial_dartR.out)
\@outlinefile=\write7
\openout7 = `IntroTutorial_dartR.out'.


(c:/Users/s425824/AppData/Roaming/TinyTeX/texmf-dist/tex/latex/oberdiek/epstopd
f-base.sty
Package: epstopdf-base 2016/05/15 v2.6 Base part for package epstopdf

(c:/Users/s425824/AppData/Roaming/TinyTeX/texmf-dist/tex/latex/oberdiek/grfext.
sty
Package: grfext 2016/05/16 v1.2 Manage graphics extensions (HO)
)
Package epstopdf-base Info: Redefining graphics rule for `.eps' on input line 4
38.
Package grfext Info: Graphics extension search list:
(grfext)             [.pdf,.png,.jpg,.mps,.jpeg,.jbig2,.jb2,.PDF,.PNG,.JPG,.JPE
G,.JBIG2,.JB2,.eps]
(grfext)             \AppendGraphicsExtensions on input line 456.

(c:/Users/s425824/AppData/Roaming/TinyTeX/texmf-dist/tex/latex/latexconfig/epst
opdf-sys.cfg
File: epstopdf-sys.cfg 2010/07/13 v1.3 Configuration of (r)epstopdf for TeX Liv
e
)) ABD: EveryShipout initializing macros
<figures/dartRlogo.png, id=212, 531.9875pt x 189.70876pt>
File: figures/dartRlogo.png Graphic file (type png)
<use figures/dartRlogo.png>
Package pdftex.def Info: figures/dartRlogo.png  used on input line 165.
(pdftex.def)             Requested size: 426.80008pt x 152.19852pt.
(./IntroTutorial_dartR.toc
LaTeX Font Info:    Try loading font information for OT1+lmr on input line 4.
(c:/Users/s425824/AppData/Roaming/TinyTeX/texmf-dist/tex/latex/lm/ot1lmr.fd
File: ot1lmr.fd 2009/10/30 v1.6 Font defs for Latin Modern
)
LaTeX Font Info:    Try loading font information for OML+lmm on input line 4.
(c:/Users/s425824/AppData/Roaming/TinyTeX/texmf-dist/tex/latex/lm/omllmm.fd
File: omllmm.fd 2009/10/30 v1.6 Font defs for Latin Modern
)
LaTeX Font Info:    Try loading font information for OMS+lmsy on input line 4.
(c:/Users/s425824/AppData/Roaming/TinyTeX/texmf-dist/tex/latex/lm/omslmsy.fd
File: omslmsy.fd 2009/10/30 v1.6 Font defs for Latin Modern
)
LaTeX Font Info:    Try loading font information for OMX+lmex on input line 4.
(c:/Users/s425824/AppData/Roaming/TinyTeX/texmf-dist/tex/latex/lm/omxlmex.fd
File: omxlmex.fd 2009/10/30 v1.6 Font defs for Latin Modern
)
LaTeX Font Info:    External font `lmex10' loaded for size
(Font)              <10> on input line 4.
LaTeX Font Info:    External font `lmex10' loaded for size
(Font)              <7> on input line 4.
LaTeX Font Info:    External font `lmex10' loaded for size
(Font)              <5> on input line 4.
LaTeX Font Info:    Try loading font information for U+msa on input line 4.

(c:/Users/s425824/AppData/Roaming/TinyTeX/texmf-dist/tex/latex/amsfonts/umsa.fd
File: umsa.fd 2013/01/14 v3.01 AMS symbols A
)
(c:/Users/s425824/AppData/Roaming/TinyTeX/texmf-dist/tex/latex/microtype/mt-msa
.cfg
File: mt-msa.cfg 2006/02/04 v1.1 microtype config. file: AMS symbols (a) (RS)
)
LaTeX Font Info:    Try loading font information for U+msb on input line 4.

(c:/Users/s425824/AppData/Roaming/TinyTeX/texmf-dist/tex/latex/amsfonts/umsb.fd
File: umsb.fd 2013/01/14 v3.01 AMS symbols B
)
(c:/Users/s425824/AppData/Roaming/TinyTeX/texmf-dist/tex/latex/microtype/mt-msb
.cfg
File: mt-msb.cfg 2005/06/01 v1.0 microtype config. file: AMS symbols (b) (RS)
) [1

{c:/Users/s425824/AppData/Roaming/TinyTeX/texmf-var/fonts/map/pdftex/updmap/pdf
tex.map} <./figures/dartRlogo.png>]
LaTeX Font Info:    Try loading font information for T1+lmtt on input line 18.
(c:/Users/s425824/AppData/Roaming/TinyTeX/texmf-dist/tex/latex/lm/t1lmtt.fd
File: t1lmtt.fd 2009/10/30 v1.6 Font defs for Latin Modern
) [2])
\tf@toc=\write8
\openout8 = `IntroTutorial_dartR.toc'.

[3]
LaTeX Font Info:    Try loading font information for TS1+lmr on input line 208.

(c:/Users/s425824/AppData/Roaming/TinyTeX/texmf-dist/tex/latex/lm/ts1lmr.fd
File: ts1lmr.fd 2009/10/30 v1.6 Font defs for Latin Modern
) [4]

Package xcolor Warning: Incompatible color definition on input line 264.

LaTeX Font Info:    Font shape `T1/lmtt/bx/n' in size <10> not available
(Font)              Font shape `T1/lmtt/b/n' tried instead on input line 266.

Package xcolor Warning: Incompatible color definition on input line 268.


Package xcolor Warning: Incompatible color definition on input line 268.


Package xcolor Warning: Incompatible color definition on input line 273.


Package xcolor Warning: Incompatible color definition on input line 282.


Package xcolor Warning: Incompatible color definition on input line 282.


Package xcolor Warning: Incompatible color definition on input line 289.


Package xcolor Warning: Incompatible color definition on input line 293.


Package xcolor Warning: Incompatible color definition on input line 293.


Package xcolor Warning: Incompatible color definition on input line 302.


Package xcolor Warning: Incompatible color definition on input line 306.


Package xcolor Warning: Incompatible color definition on input line 306.


Package xcolor Warning: Incompatible color definition on input line 320.


Package xcolor Warning: Incompatible color definition on input line 325.


Package xcolor Warning: Incompatible color definition on input line 325.


Package xcolor Warning: Incompatible color definition on input line 338.

[5]

Package xcolor Warning: Incompatible color definition on input line 343.


Package xcolor Warning: Incompatible color definition on input line 343.


Package xcolor Warning: Incompatible color definition on input line 371.


Package xcolor Warning: Incompatible color definition on input line 375.


Package xcolor Warning: Incompatible color definition on input line 375.


Package xcolor Warning: Incompatible color definition on input line 380.


Package xcolor Warning: Incompatible color definition on input line 384.


Package xcolor Warning: Incompatible color definition on input line 384.

[6]
<figures/penguin_task.png, id=305, 128.48pt x 128.48pt>
File: figures/penguin_task.png Graphic file (type png)
<use figures/penguin_task.png>
Package pdftex.def Info: figures/penguin_task.png  used on input line 444.
(pdftex.def)             Requested size: 42.67886pt x 42.67886pt.
File: figures/penguin_task.png Graphic file (type png)
<use figures/penguin_task.png>
Package pdftex.def Info: figures/penguin_task.png  used on input line 480.
(pdftex.def)             Requested size: 42.67886pt x 42.67886pt.
<figures/tux_info.png, id=309, 867.24pt x 847.0044pt>
File: figures/tux_info.png Graphic file (type png)
<use figures/tux_info.png>
Package pdftex.def Info: figures/tux_info.png  used on input line 484.
(pdftex.def)             Requested size: 43.69536pt x 42.6758pt.
[7 <./figures/penguin_task.png>]
File: figures/tux_info.png Graphic file (type png)
<use figures/tux_info.png>
Package pdftex.def Info: figures/tux_info.png  used on input line 513.
(pdftex.def)             Requested size: 43.69536pt x 42.6758pt.

Package xcolor Warning: Incompatible color definition on input line 530.


Package xcolor Warning: Incompatible color definition on input line 534.


Package xcolor Warning: Incompatible color definition on input line 534.


Package xcolor Warning: Incompatible color definition on input line 544.


Package xcolor Warning: Incompatible color definition on input line 551.


Package xcolor Warning: Incompatible color definition on input line 551.

[8 <./figures/tux_info.png>]
Overfull \hbox (496.24217pt too wide) in paragraph at lines 560--560
[]\T1/lmtt/m/n/10 ## AlleleID CloneID AlleleSequence SNP SnpPosition CallRate O
neRatioRef OneRatioSnp TrimmedSequence FreqHomRef FreqHomSnp FreqHets PICRef PI
CSnp AvgPIC AvgCountRef AvgCountSnp RepAvg .[] 
 []


Overfull \hbox (165.49313pt too wide) in paragraph at lines 562--562
[]\T1/lmtt/m/n/10 ##  Recognised: 250 individuals and 255  SNPs in a 2 row form
at using D:/Bernd/R/dartR/inst/extdata/testset_SNPs_2Row.csv[] 
 []


Package xcolor Warning: Incompatible color definition on input line 594.


Package xcolor Warning: Incompatible color definition on input line 598.


Package xcolor Warning: Incompatible color definition on input line 598.


Overfull \hbox (70.99341pt too wide) in paragraph at lines 616--616
[]\T1/lmtt/m/n/10 ##    @other: a list containing: loc.metrics  latlong  ind.me
trics  loc.metrics.flags  verbose  history[] 
 []

[9]

Package xcolor Warning: Incompatible color definition on input line 621.


Package xcolor Warning: Incompatible color definition on input line 625.


Package xcolor Warning: Incompatible color definition on input line 625.


Package xcolor Warning: Incompatible color definition on input line 636.


Package xcolor Warning: Incompatible color definition on input line 640.


Package xcolor Warning: Incompatible color definition on input line 640.


Package xcolor Warning: Incompatible color definition on input line 646.


Package xcolor Warning: Incompatible color definition on input line 650.


Package xcolor Warning: Incompatible color definition on input line 650.


Package xcolor Warning: Incompatible color definition on input line 656.


Package xcolor Warning: Incompatible color definition on input line 660.


Package xcolor Warning: Incompatible color definition on input line 660.


Package xcolor Warning: Incompatible color definition on input line 668.


Package xcolor Warning: Incompatible color definition on input line 672.


Package xcolor Warning: Incompatible color definition on input line 672.


Package xcolor Warning: Incompatible color definition on input line 683.


Package xcolor Warning: Incompatible color definition on input line 687.


Package xcolor Warning: Incompatible color definition on input line 687.

<figures/dartdata.png, id=328, 453.0015pt x 482.5665pt>
File: figures/dartdata.png Graphic file (type png)
<use figures/dartdata.png>
Package pdftex.def Info: figures/dartdata.png  used on input line 697.
(pdftex.def)             Requested size: 453.00038pt x 482.56532pt.
[10] [11 <./figures/dartdata.png>]

Package xcolor Warning: Incompatible color definition on input line 821.


Package xcolor Warning: Incompatible color definition on input line 826.


Package xcolor Warning: Incompatible color definition on input line 826.


Package xcolor Warning: Incompatible color definition on input line 835.


Package xcolor Warning: Incompatible color definition on input line 839.


Package xcolor Warning: Incompatible color definition on input line 839.

[12]

Package xcolor Warning: Incompatible color definition on input line 935.


Package xcolor Warning: Incompatible color definition on input line 940.


Package xcolor Warning: Incompatible color definition on input line 940.


Overfull \hbox (6.7073pt too wide) in paragraph at lines 990--992
[]|\T1/lmr/m/n/10 (-20) vcfR2genlight|  
 []

[13]

Package xcolor Warning: Incompatible color definition on input line 1069.


Package xcolor Warning: Incompatible color definition on input line 1073.


Package xcolor Warning: Incompatible color definition on input line 1073.

[14]

Package xcolor Warning: Incompatible color definition on input line 1111.


Package xcolor Warning: Incompatible color definition on input line 1117.


Package xcolor Warning: Incompatible color definition on input line 1117.


Package xcolor Warning: Incompatible color definition on input line 1123.


Package xcolor Warning: Incompatible color definition on input line 1130.


Package xcolor Warning: Incompatible color definition on input line 1130.


Overfull \hbox (7.99359pt too wide) in paragraph at lines 1144--1144
[]\T1/lmtt/m/n/10 ##    @call: df2genind(X = genes, sep = sep, ncode = ncode, i
nd.names = as.character(inds),[] 
 []


Package xcolor Warning: Incompatible color definition on input line 1155.

[15]

Package xcolor Warning: Incompatible color definition on input line 1159.


Package xcolor Warning: Incompatible color definition on input line 1159.


Package xcolor Warning: Incompatible color definition on input line 1174.


Package xcolor Warning: Incompatible color definition on input line 1178.


Package xcolor Warning: Incompatible color definition on input line 1178.


Package xcolor Warning: Incompatible color definition on input line 1190.


Package xcolor Warning: Incompatible color definition on input line 1198.


Package xcolor Warning: Incompatible color definition on input line 1198.


Package xcolor Warning: Incompatible color definition on input line 1204.


Package xcolor Warning: Incompatible color definition on input line 1208.


Package xcolor Warning: Incompatible color definition on input line 1208.


Overfull \hbox (81.49338pt too wide) in paragraph at lines 1213--1213
[]\T1/lmtt/m/n/10 ##   Warning: genlight object contains monomorphic loci which
 will be factored into Callrate calculations[] 
 []

<IntroTutorial_dartR_files/figure-latex/unnamed-chunk-29-1.pdf, id=358, 469.755
pt x 325.215pt>
File: IntroTutorial_dartR_files/figure-latex/unnamed-chunk-29-1.pdf Graphic fil
e (type pdf)
<use IntroTutorial_dartR_files/figure-latex/unnamed-chunk-29-1.pdf>
Package pdftex.def Info: IntroTutorial_dartR_files/figure-latex/unnamed-chunk-2
9-1.pdf  used on input line 1220.
(pdftex.def)             Requested size: 469.75386pt x 325.2142pt.
[16] [17 <./IntroTutorial_dartR_files/figure-latex/unnamed-chunk-29-1.pdf>]

Package xcolor Warning: Incompatible color definition on input line 1258.


Package xcolor Warning: Incompatible color definition on input line 1262.


Package xcolor Warning: Incompatible color definition on input line 1262.


Package xcolor Warning: Incompatible color definition on input line 1280.


Package xcolor Warning: Incompatible color definition on input line 1285.


Package xcolor Warning: Incompatible color definition on input line 1285.


Package xcolor Warning: Incompatible color definition on input line 1290.


Package xcolor Warning: Incompatible color definition on input line 1294.


Package xcolor Warning: Incompatible color definition on input line 1294.

[18]
LaTeX Font Info:    Font shape `T1/lmtt/bx/n' in size <12> not available
(Font)              Font shape `T1/lmtt/b/n' tried instead on input line 1397.

Package xcolor Warning: Incompatible color definition on input line 1450.


Package xcolor Warning: Incompatible color definition on input line 1454.


Package xcolor Warning: Incompatible color definition on input line 1454.


Overfull \hbox (149.74318pt too wide) in paragraph at lines 1459--1459
[]\T1/lmtt/m/n/10 ##   Warning: Dataset contains monomorphic loci which will be
 included in the Call Rate calculations for the filtering[] 
 []

<IntroTutorial_dartR_files/figure-latex/unnamed-chunk-32-1.pdf, id=378, 469.755
pt x 325.215pt>
File: IntroTutorial_dartR_files/figure-latex/unnamed-chunk-32-1.pdf Graphic fil
e (type pdf)
<use IntroTutorial_dartR_files/figure-latex/unnamed-chunk-32-1.pdf>
Package pdftex.def Info: IntroTutorial_dartR_files/figure-latex/unnamed-chunk-3
2-1.pdf  used on input line 1463.
(pdftex.def)             Requested size: 469.75386pt x 325.2142pt.
[19]

Package xcolor Warning: Incompatible color definition on input line 1477.


Package xcolor Warning: Incompatible color definition on input line 1481.


Package xcolor Warning: Incompatible color definition on input line 1481.


Overfull \hbox (149.74318pt too wide) in paragraph at lines 1486--1486
[]\T1/lmtt/m/n/10 ##   Warning: Dataset contains monomorphic loci which will be
 included in the Call Rate calculations for the filtering[] 
 []


Overfull \hbox (26221.1674pt too wide) in paragraph at lines 1489--1489
[]\T1/lmtt/m/n/10 ## AA010915[EmmacMDBForb], AA032760[EmmacMDBMaci], AA011723[E
mmacBurnBara], AA012411[EmmacCoopEulb], AA019237[EmmacBurdMist], AA019238[Emmac
BurdMist], AA019239[EmmacBurdMist], AA019235[EmmacBurdMist], AA019240[EmmacBurd
Mist], AA019241[EmmacBurdMist], AA019243[EmmacBurdMist], AA019251[EmmacBurdMist
], AA019252[EmmacBurdMist], AA012405[EmmacCoopEulb], AA012406[EmmacCoopEulb], A
A012409[EmmacCoopEulb], AA012499[EmmacCoopEulb], AA012422[EmmacCoopEulb], AA012
434[EmmacCoopEulb], AA012469[EmmacCoopEulb], AA012500[EmmacCoopEulb], AA032826[
EmmacMDBCond], AA010795[EmmacMDBBowm], AA032800[EmmacMDBCond], AA032801[EmmacMD
BCond], AA032808[EmmacMDBCond], AA032809[EmmacMDBCond], AA032811[EmmacMDBCond],
 AA032812[EmmacMDBCond], AA032822[EmmacMDBCond], AA032825[EmmacMDBCond], AA0107
97[EmmacMDBBowm], AA010752[EmmacMDBCudg], AA010754[EmmacMDBCudg], AA010756[Emma
cMDBCudg], AA010798[EmmacMDBBowm], AA010800[EmmacMDBBowm], AA010802[EmmacMDBBow
m], AA010803[EmmacMDBBowm], AA010804[EmmacMDBBowm], AA010809[EmmacMDBBowm], AA0
10749[EmmacMDBCudg], AA010763[EmmacMDBCudg], AA010771[EmmacMDBCudg], AA010772[E
mmacMDBCudg], AA010781[EmmacMDBCudg], AA032762[EmmacMDBMaci], AA032763[EmmacMDB
Maci], AA032756[EmmacMDBMaci], AA032757[EmmacMDBMaci], AA032758[EmmacMDBMaci], 
AA032761[EmmacMDBMaci], AA032765[EmmacMDBMaci], AA010931[EmmacMDBForb], AA01093
7[EmmacMDBForb], AA010940[EmmacMDBForb], AA032768[EmmacMDBMaci], AA010936[Emmac
MDBForb], AA010909[EmmacMDBForb], AA010916[EmmacMDBForb], AA010917[EmmacMDBForb
], AA010920[EmmacMDBForb], AA010921[EmmacMDBForb], AA020651[EmmacMDBMurrMung], 
AA020652[EmmacMDBMurrMung], AA020669[EmmacMDBMurrMung], AA020655[EmmacMDBMurrMu
ng], AA020656[EmmacMDBMurrMung], AA020644[EmmacMDBMurrMung], AA020645[EmmacMDBM
urrMung], AA020646[EmmacMDBMurrMung], AA020649[EmmacMDBMurrMung], AA013203[Emma
cMDBSanf], AA013217[EmmacMDBSanf], AA013220[EmmacMDBSanf], AA013202[EmmacMDBSan
f], AA018496[EmmacRichCasi], AA018497[EmmacRichCasi], AA018513[EmmacRichCasi], 
AA013231[EmmacMDBSanf], AA013261[EmmacMDBSanf], AA013270[EmmacMDBSanf], AA01849
2[EmmacRichCasi], AA018493[EmmacRichCasi], AA018494[EmmacRichCasi], AA018495[Em
macRichCasi], AA018516[EmmacRichCasi], UC_00125[EmmacMaclGeor], UC_00126a[Emmac
MaclGeor], UC_00146[EmmacMaclGeor], UC_00149[EmmacMaclGeor], AA018640[EmmacClar
Jack], AA018658[EmmacClarJack], AA011729[EmmacBurnBara], UC_00132[EmmacClarYate
], UC_00143[EmmacClarYate], UC_00157[EmmacClarYate], UC_00161[EmmacClarYate], A
A018637[EmmacClarJack], AA018638[EmmacClarJack], AA018639[EmmacClarJack], AA033
576[EmmacBrisWive], AA033577[EmmacBrisWive], AA011732[EmmacBurnBara], AA011741[
EmmacBurnBara], AA011744[EmmacBurnBara], AA011745[EmmacBurnBara], AA011746[Emma
cBurnBara], AA011749[EmmacBurnBara], AA033575[EmmacBrisWive], AA012411a[EmmacCo
opEulb], AA033579[EmmacBrisWive], AA033582[EmmacBrisWive], AA033593[EmmacBrisWi
ve], AA033609[EmmacBrisWive], AA033617[EmmacBrisWive], AA010915a[EmmacMDBForb],
 AA011723a[EmmacBurnBara], AA019158[EmmacRussEube], AA020379[EmmacNormJack], UC
_01044[EmmacMaclGeor], AA018380[EmmacTweeUki], AA018371[EmmacTweeUki], AA004553
[EmmacMaryBoru], AA000328[EmmacRoss], AA000311[EmmacRoss], AA019159[EmmacRussEu
be], AA020378[EmmacNormJack], UC_01060[EmmacMaclGeor], AA018379[EmmacTweeUki], 
AA018365[EmmacTweeUki], AA004554[EmmacMaryBoru], AA000303[EmmacRoss], AA000320[
EmmacRoss], AA019160[EmmacRussEube], AA020377[EmmacNormJack], UC_01053[EmmacMac
lGeor], AA018375[EmmacTweeUki], AA004555[EmmacMaryBoru], AA000304[EmmacRoss], A
A019165[EmmacRussEube], AA019161[EmmacRussEube], AA020376[EmmacNormJack], UC_01
062[EmmacMaclGeor], AA018374[EmmacTweeUki], AA04523[EmmacMaryBoru], AA000305[Em
macRoss], AA019164[EmmacRussEube], AA020375[EmmacNormJack], AA018373[EmmacTweeU
ki], AA032875[EmmacMaryPetr], AA000309[EmmacRoss], AA019163[EmmacRussEube], AA0
20374[EmmacNormJack], AA018368[EmmacTweeUki], AA032878[EmmacMaryPetr], AA000302
[EmmacRoss], AA019162[EmmacRussEube], AA020365[EmmacNormSalt], AA018369[EmmacTw
eeUki], AA004551[EmmacMaryBoru], AA032880[EmmacMaryPetr], AA000307[EmmacRoss], 
AA019156[EmmacRussEube], AA020371[EmmacNormLeic], UC_01051[EmmacMaclGeor], AA01
8370[EmmacTweeUki], AA004552[EmmacMaryBoru], AA032882[EmmacMaryPetr], AA000310[
EmmacRoss], AA004864[EmmacFitzAllig], AA019083[EmmacJohnWari], AA019072[EmmacJo
hnWari], AA004858[EmmacFitzAllig], AA019082[EmmacJohnWari], AA019073[EmmacJohnW
ari], AA004859[EmmacFitzAllig], AA004866[EmmacFitzAllig], AA019077[EmmacJohnWar
i], AA019080[EmmacJohnWari], AA004861[EmmacFitzAllig], AA019078[EmmacJohnWari],
 AA004863[EmmacFitzAllig], UC_00267[EmvicVictJasp], UC_00205[EmsubRopeMata], UC
_00206[EmsubRopeMata], UC_00208[EmsubRopeMata], UC_00243[EmvicVictJasp], UC_002
09[EmsubRopeMata], UC_00254[EmvicVictJasp], UC_00210[EmsubRopeMata], UC_00259[E
mvicVictJasp], UC_00126c[EmvicVictJasp], AA063718[EmmacCoopAvin], AA063720[Emma
cCoopAvin], AA063722[EmmacCoopAvin], AA063726[EmmacCoopAvin], AA063732[EmmacCoo
pAvin], AA063708[EmmacCoopAvin], AA063710[EmmacCoopAvin], AA063712[EmmacCoopAvi
n], AA063714[EmmacCoopAvin], AA063716[EmmacCoopAvin], AA020735[EmmacMDBGwyd], A
A020739[EmmacMDBGwyd], AA020738[EmmacMDBGwyd],[] 
 []

<IntroTutorial_dartR_files/figure-latex/unnamed-chunk-33-1.pdf, id=390, 469.755
pt x 325.215pt>
File: IntroTutorial_dartR_files/figure-latex/unnamed-chunk-33-1.pdf Graphic fil
e (type pdf)
<use IntroTutorial_dartR_files/figure-latex/unnamed-chunk-33-1.pdf>
Package pdftex.def Info: IntroTutorial_dartR_files/figure-latex/unnamed-chunk-3
3-1.pdf  used on input line 1492.
(pdftex.def)             Requested size: 469.75386pt x 325.2142pt.
[20 <./IntroTutorial_dartR_files/figure-latex/unnamed-chunk-32-1.pdf>]

Package xcolor Warning: Incompatible color definition on input line 1509.


Package xcolor Warning: Incompatible color definition on input line 1513.


Package xcolor Warning: Incompatible color definition on input line 1513.


Package xcolor Warning: Incompatible color definition on input line 1533.


Package xcolor Warning: Incompatible color definition on input line 1537.


Package xcolor Warning: Incompatible color definition on input line 1537.


Package xcolor Warning: Incompatible color definition on input line 1549.

[21 <./IntroTutorial_dartR_files/figure-latex/unnamed-chunk-33-1.pdf>]

Package xcolor Warning: Incompatible color definition on input line 1553.


Package xcolor Warning: Incompatible color definition on input line 1553.


Package xcolor Warning: Incompatible color definition on input line 1573.


Package xcolor Warning: Incompatible color definition on input line 1579.


Package xcolor Warning: Incompatible color definition on input line 1579.


Package xcolor Warning: Incompatible color definition on input line 1603.


Package xcolor Warning: Incompatible color definition on input line 1608.


Package xcolor Warning: Incompatible color definition on input line 1608.


Package xcolor Warning: Incompatible color definition on input line 1623.

[22]

Package xcolor Warning: Incompatible color definition on input line 1628.


Package xcolor Warning: Incompatible color definition on input line 1628.


Package xcolor Warning: Incompatible color definition on input line 1653.


Package xcolor Warning: Incompatible color definition on input line 1657.


Package xcolor Warning: Incompatible color definition on input line 1657.

<IntroTutorial_dartR_files/figure-latex/unnamed-chunk-40-1.pdf, id=420, 469.755
pt x 361.35pt>
File: IntroTutorial_dartR_files/figure-latex/unnamed-chunk-40-1.pdf Graphic fil
e (type pdf)
<use IntroTutorial_dartR_files/figure-latex/unnamed-chunk-40-1.pdf>
Package pdftex.def Info: IntroTutorial_dartR_files/figure-latex/unnamed-chunk-4
0-1.pdf  used on input line 1659.
(pdftex.def)             Requested size: 469.75386pt x 361.34912pt.
[23]

Package xcolor Warning: Incompatible color definition on input line 1677.


Package xcolor Warning: Incompatible color definition on input line 1681.


Package xcolor Warning: Incompatible color definition on input line 1681.


Package xcolor Warning: Incompatible color definition on input line 1685.


Package xcolor Warning: Incompatible color definition on input line 1689.


Package xcolor Warning: Incompatible color definition on input line 1689.


Package xcolor Warning: Incompatible color definition on input line 1693.


Package xcolor Warning: Incompatible color definition on input line 1697.


Package xcolor Warning: Incompatible color definition on input line 1697.


Package xcolor Warning: Incompatible color definition on input line 1702.

[24 <./IntroTutorial_dartR_files/figure-latex/unnamed-chunk-40-1.pdf>]

Package xcolor Warning: Incompatible color definition on input line 1706.


Package xcolor Warning: Incompatible color definition on input line 1706.


Package xcolor Warning: Incompatible color definition on input line 1721.


Package xcolor Warning: Incompatible color definition on input line 1726.


Package xcolor Warning: Incompatible color definition on input line 1726.

[25]

Package xcolor Warning: Incompatible color definition on input line 1790.


Package xcolor Warning: Incompatible color definition on input line 1794.


Package xcolor Warning: Incompatible color definition on input line 1794.


Package xcolor Warning: Incompatible color definition on input line 1798.


Package xcolor Warning: Incompatible color definition on input line 1802.


Package xcolor Warning: Incompatible color definition on input line 1802.


Package xcolor Warning: Incompatible color definition on input line 1814.


Package xcolor Warning: Incompatible color definition on input line 1818.


Package xcolor Warning: Incompatible color definition on input line 1818.

File: figures/tux_info.png Graphic file (type png)
<use figures/tux_info.png>
Package pdftex.def Info: figures/tux_info.png  used on input line 1820.
(pdftex.def)             Requested size: 43.69536pt x 42.6758pt.

Package xcolor Warning: Incompatible color definition on input line 1834.

[26]

Package xcolor Warning: Incompatible color definition on input line 1838.


Package xcolor Warning: Incompatible color definition on input line 1838.


Package xcolor Warning: Incompatible color definition on input line 1842.


Package xcolor Warning: Incompatible color definition on input line 1846.


Package xcolor Warning: Incompatible color definition on input line 1846.

File: figures/penguin_task.png Graphic file (type png)
<use figures/penguin_task.png>
Package pdftex.def Info: figures/penguin_task.png  used on input line 1861.
(pdftex.def)             Requested size: 42.67886pt x 42.67886pt.

Package xcolor Warning: Incompatible color definition on input line 1870.


Package xcolor Warning: Incompatible color definition on input line 1874.


Package xcolor Warning: Incompatible color definition on input line 1874.

File: figures/penguin_task.png Graphic file (type png)
<use figures/penguin_task.png>
Package pdftex.def Info: figures/penguin_task.png  used on input line 1898.
(pdftex.def)             Requested size: 42.67886pt x 42.67886pt.
[27]

Package xcolor Warning: Incompatible color definition on input line 1921.


Package xcolor Warning: Incompatible color definition on input line 1926.


Package xcolor Warning: Incompatible color definition on input line 1926.


Package xcolor Warning: Incompatible color definition on input line 1936.


Package xcolor Warning: Incompatible color definition on input line 1940.


Package xcolor Warning: Incompatible color definition on input line 1940.


Package xcolor Warning: Incompatible color definition on input line 1948.


Package xcolor Warning: Incompatible color definition on input line 1952.


Package xcolor Warning: Incompatible color definition on input line 1952.


Package xcolor Warning: Incompatible color definition on input line 1959.


Package xcolor Warning: Incompatible color definition on input line 1963.


Package xcolor Warning: Incompatible color definition on input line 1963.

[28]

Package xcolor Warning: Incompatible color definition on input line 2010.


Package xcolor Warning: Incompatible color definition on input line 2014.


Package xcolor Warning: Incompatible color definition on input line 2014.


Package xcolor Warning: Incompatible color definition on input line 2031.


Package xcolor Warning: Incompatible color definition on input line 2036.


Package xcolor Warning: Incompatible color definition on input line 2036.


Overfull \hbox (70.99341pt too wide) in paragraph at lines 2054--2054
[]\T1/lmtt/m/n/10 ##    @other: a list containing: loc.metrics  latlong  ind.me
trics  loc.metrics.flags  verbose  history[] 
 []


Package xcolor Warning: Incompatible color definition on input line 2064.

[29]

Package xcolor Warning: Incompatible color definition on input line 2068.


Package xcolor Warning: Incompatible color definition on input line 2068.


Package xcolor Warning: Incompatible color definition on input line 2074.


Package xcolor Warning: Incompatible color definition on input line 2078.


Package xcolor Warning: Incompatible color definition on input line 2078.


Package xcolor Warning: Incompatible color definition on input line 2106.


Package xcolor Warning: Incompatible color definition on input line 2112.


Package xcolor Warning: Incompatible color definition on input line 2112.

[30]

Package xcolor Warning: Incompatible color definition on input line 2149.


Package xcolor Warning: Incompatible color definition on input line 2154.


Package xcolor Warning: Incompatible color definition on input line 2154.


Package xcolor Warning: Incompatible color definition on input line 2172.


Package xcolor Warning: Incompatible color definition on input line 2178.


Package xcolor Warning: Incompatible color definition on input line 2178.


Package xcolor Warning: Incompatible color definition on input line 2182.


Package xcolor Warning: Incompatible color definition on input line 2186.


Package xcolor Warning: Incompatible color definition on input line 2186.


Overfull \hbox (70.99341pt too wide) in paragraph at lines 2204--2204
[]\T1/lmtt/m/n/10 ##    @other: a list containing: loc.metrics  latlong  ind.me
trics  loc.metrics.flags  verbose  history[] 
 []


Package xcolor Warning: Incompatible color definition on input line 2207.


Package xcolor Warning: Incompatible color definition on input line 2211.


Package xcolor Warning: Incompatible color definition on input line 2211.


Package xcolor Warning: Incompatible color definition on input line 2217.


Package xcolor Warning: Incompatible color definition on input line 2221.


Package xcolor Warning: Incompatible color definition on input line 2221.

[31]

Package xcolor Warning: Incompatible color definition on input line 2262.


Package xcolor Warning: Incompatible color definition on input line 2270.


Package xcolor Warning: Incompatible color definition on input line 2270.

<IntroTutorial_dartR_files/figure-latex/unnamed-chunk-65-1.pdf, id=470, 469.755
pt x 325.215pt>
File: IntroTutorial_dartR_files/figure-latex/unnamed-chunk-65-1.pdf Graphic fil
e (type pdf)
<use IntroTutorial_dartR_files/figure-latex/unnamed-chunk-65-1.pdf>
Package pdftex.def Info: IntroTutorial_dartR_files/figure-latex/unnamed-chunk-6
5-1.pdf  used on input line 2283.
(pdftex.def)             Requested size: 469.75386pt x 325.2142pt.
[32]

Package xcolor Warning: Incompatible color definition on input line 2316.

[33 <./IntroTutorial_dartR_files/figure-latex/unnamed-chunk-65-1.pdf>]

Package xcolor Warning: Incompatible color definition on input line 2320.


Package xcolor Warning: Incompatible color definition on input line 2320.

<IntroTutorial_dartR_files/figure-latex/unnamed-chunk-65-2.pdf, id=485, 469.755
pt x 325.215pt>
File: IntroTutorial_dartR_files/figure-latex/unnamed-chunk-65-2.pdf Graphic fil
e (type pdf)
<use IntroTutorial_dartR_files/figure-latex/unnamed-chunk-65-2.pdf>
Package pdftex.def Info: IntroTutorial_dartR_files/figure-latex/unnamed-chunk-6
5-2.pdf  used on input line 2333.
(pdftex.def)             Requested size: 469.75386pt x 325.2142pt.
[34 <./IntroTutorial_dartR_files/figure-latex/unnamed-chunk-65-2.pdf>]

Package xcolor Warning: Incompatible color definition on input line 2386.


Package xcolor Warning: Incompatible color definition on input line 2393.


Package xcolor Warning: Incompatible color definition on input line 2393.

<IntroTutorial_dartR_files/figure-latex/unnamed-chunk-66-1.pdf, id=496, 469.755
pt x 325.215pt>
File: IntroTutorial_dartR_files/figure-latex/unnamed-chunk-66-1.pdf Graphic fil
e (type pdf)
<use IntroTutorial_dartR_files/figure-latex/unnamed-chunk-66-1.pdf>
Package pdftex.def Info: IntroTutorial_dartR_files/figure-latex/unnamed-chunk-6
6-1.pdf  used on input line 2406.
(pdftex.def)             Requested size: 469.75386pt x 325.2142pt.
[35]

Package xcolor Warning: Incompatible color definition on input line 2432.


Package xcolor Warning: Incompatible color definition on input line 2436.


Package xcolor Warning: Incompatible color definition on input line 2436.

[36 <./IntroTutorial_dartR_files/figure-latex/unnamed-chunk-66-1.pdf>]

Package xcolor Warning: Incompatible color definition on input line 2470.


Package xcolor Warning: Incompatible color definition on input line 2476.


Package xcolor Warning: Incompatible color definition on input line 2476.


Package xcolor Warning: Incompatible color definition on input line 2480.


Package xcolor Warning: Incompatible color definition on input line 2485.


Package xcolor Warning: Incompatible color definition on input line 2485.


Package xcolor Warning: Incompatible color definition on input line 2493.


Package xcolor Warning: Incompatible color definition on input line 2504.


Package xcolor Warning: Incompatible color definition on input line 2504.


Package xcolor Warning: Incompatible color definition on input line 2514.


Package xcolor Warning: Incompatible color definition on input line 2518.


Package xcolor Warning: Incompatible color definition on input line 2518.

[37]

Package xcolor Warning: Incompatible color definition on input line 2528.


Package xcolor Warning: Incompatible color definition on input line 2532.


Package xcolor Warning: Incompatible color definition on input line 2532.


Package xcolor Warning: Incompatible color definition on input line 2571.


Package xcolor Warning: Incompatible color definition on input line 2575.


Package xcolor Warning: Incompatible color definition on input line 2575.

<IntroTutorial_dartR_files/figure-latex/unnamed-chunk-70-1.pdf, id=516, 469.755
pt x 325.215pt>
File: IntroTutorial_dartR_files/figure-latex/unnamed-chunk-70-1.pdf Graphic fil
e (type pdf)
<use IntroTutorial_dartR_files/figure-latex/unnamed-chunk-70-1.pdf>
Package pdftex.def Info: IntroTutorial_dartR_files/figure-latex/unnamed-chunk-7
0-1.pdf  used on input line 2583.
(pdftex.def)             Requested size: 469.75386pt x 325.2142pt.
[38]

Package xcolor Warning: Incompatible color definition on input line 2594.


Package xcolor Warning: Incompatible color definition on input line 2598.


Package xcolor Warning: Incompatible color definition on input line 2598.


Package xcolor Warning: Incompatible color definition on input line 2614.


Package xcolor Warning: Incompatible color definition on input line 2618.


Package xcolor Warning: Incompatible color definition on input line 2618.

<IntroTutorial_dartR_files/figure-latex/unnamed-chunk-72-1.pdf, id=521, 469.755
pt x 325.215pt>
File: IntroTutorial_dartR_files/figure-latex/unnamed-chunk-72-1.pdf Graphic fil
e (type pdf)
<use IntroTutorial_dartR_files/figure-latex/unnamed-chunk-72-1.pdf>
Package pdftex.def Info: IntroTutorial_dartR_files/figure-latex/unnamed-chunk-7
2-1.pdf  used on input line 2620.
(pdftex.def)             Requested size: 469.75386pt x 325.2142pt.
[39 <./IntroTutorial_dartR_files/figure-latex/unnamed-chunk-70-1.pdf>]

Package xcolor Warning: Incompatible color definition on input line 2634.


Package xcolor Warning: Incompatible color definition on input line 2638.


Package xcolor Warning: Incompatible color definition on input line 2638.

<IntroTutorial_dartR_files/figure-latex/unnamed-chunk-73-1.pdf, id=532, 469.755
pt x 361.35pt>
File: IntroTutorial_dartR_files/figure-latex/unnamed-chunk-73-1.pdf Graphic fil
e (type pdf)
<use IntroTutorial_dartR_files/figure-latex/unnamed-chunk-73-1.pdf>
Package pdftex.def Info: IntroTutorial_dartR_files/figure-latex/unnamed-chunk-7
3-1.pdf  used on input line 2646.
(pdftex.def)             Requested size: 469.75386pt x 361.34912pt.
[40 <./IntroTutorial_dartR_files/figure-latex/unnamed-chunk-72-1.pdf>]
<IntroTutorial_dartR_files/figure-latex/unnamed-chunk-73-2.pdf, id=542, 469.755
pt x 361.35pt>
File: IntroTutorial_dartR_files/figure-latex/unnamed-chunk-73-2.pdf Graphic fil
e (type pdf)
<use IntroTutorial_dartR_files/figure-latex/unnamed-chunk-73-2.pdf>
Package pdftex.def Info: IntroTutorial_dartR_files/figure-latex/unnamed-chunk-7
3-2.pdf  used on input line 2653.
(pdftex.def)             Requested size: 469.75386pt x 361.34912pt.
[41 <./IntroTutorial_dartR_files/figure-latex/unnamed-chunk-73-1.pdf>]

Package xcolor Warning: Incompatible color definition on input line 2662.


Package xcolor Warning: Incompatible color definition on input line 2666.


Package xcolor Warning: Incompatible color definition on input line 2666.


Package xcolor Warning: Incompatible color definition on input line 2670.


Package xcolor Warning: Incompatible color definition on input line 2677.


Package xcolor Warning: Incompatible color definition on input line 2677.

<IntroTutorial_dartR_files/figure-latex/unnamed-chunk-75-1.pdf, id=554, 469.755
pt x 325.215pt>
File: IntroTutorial_dartR_files/figure-latex/unnamed-chunk-75-1.pdf Graphic fil
e (type pdf)
<use IntroTutorial_dartR_files/figure-latex/unnamed-chunk-75-1.pdf>
Package pdftex.def Info: IntroTutorial_dartR_files/figure-latex/unnamed-chunk-7
5-1.pdf  used on input line 2685.
(pdftex.def)             Requested size: 469.75386pt x 325.2142pt.
[42 <./IntroTutorial_dartR_files/figure-latex/unnamed-chunk-73-2.pdf>]
<IntroTutorial_dartR_files/figure-latex/unnamed-chunk-75-2.pdf, id=566, 469.755
pt x 325.215pt>
File: IntroTutorial_dartR_files/figure-latex/unnamed-chunk-75-2.pdf Graphic fil
e (type pdf)
<use IntroTutorial_dartR_files/figure-latex/unnamed-chunk-75-2.pdf>
Package pdftex.def Info: IntroTutorial_dartR_files/figure-latex/unnamed-chunk-7
5-2.pdf  used on input line 2692.
(pdftex.def)             Requested size: 469.75386pt x 325.2142pt.
[43 <./IntroTutorial_dartR_files/figure-latex/unnamed-chunk-75-1.pdf>]

Package xcolor Warning: Incompatible color definition on input line 2712.


Package xcolor Warning: Incompatible color definition on input line 2719.


Package xcolor Warning: Incompatible color definition on input line 2719.


Package xcolor Warning: Incompatible color definition on input line 2723.


Package xcolor Warning: Incompatible color definition on input line 2728.


Package xcolor Warning: Incompatible color definition on input line 2728.

<figures/ggplotly.png, id=580, 325.5435pt x 254.916pt>
File: figures/ggplotly.png Graphic file (type png)
<use figures/ggplotly.png>
Package pdftex.def Info: figures/ggplotly.png  used on input line 2734.
(pdftex.def)             Requested size: 325.55263pt x 254.92313pt.
[44 <./IntroTutorial_dartR_files/figure-latex/unnamed-chunk-75-2.pdf>]

Package xcolor Warning: Incompatible color definition on input line 2746.


Package xcolor Warning: Incompatible color definition on input line 2750.


Package xcolor Warning: Incompatible color definition on input line 2750.


Overfull \hbox (123.49326pt too wide) in paragraph at lines 2753--2753
[]\T1/lmtt/m/n/10 ##   Note: Only eigenvalues for dimensions that explain more 
that the average of the original variables are shown 
 []

<IntroTutorial_dartR_files/figure-latex/unnamed-chunk-78-1.pdf, id=592, 469.755
pt x 289.08pt>
File: IntroTutorial_dartR_files/figure-latex/unnamed-chunk-78-1.pdf Graphic fil
e (type pdf)
<use IntroTutorial_dartR_files/figure-latex/unnamed-chunk-78-1.pdf>
Package pdftex.def Info: IntroTutorial_dartR_files/figure-latex/unnamed-chunk-7
8-1.pdf  used on input line 2757.
(pdftex.def)             Requested size: 469.75386pt x 289.07928pt.
[45 <./figures/ggplotly.png>]

Package xcolor Warning: Incompatible color definition on input line 2777.


Package xcolor Warning: Incompatible color definition on input line 2781.


Package xcolor Warning: Incompatible color definition on input line 2781.

<figures/plot3d.png, id=597, 643.40375pt x 673.51625pt>
File: figures/plot3d.png Graphic file (type png)
<use figures/plot3d.png>
Package pdftex.def Info: figures/plot3d.png  used on input line 2783.
(pdftex.def)             Requested size: 469.7692pt x 491.75526pt.
[46 <./IntroTutorial_dartR_files/figure-latex/unnamed-chunk-78-1.pdf>]

Package xcolor Warning: Incompatible color definition on input line 2800.

[47 <./figures/plot3d.png (PNG copy)>]

Package xcolor Warning: Incompatible color definition on input line 2804.


Package xcolor Warning: Incompatible color definition on input line 2804.

<IntroTutorial_dartR_files/figure-latex/unnamed-chunk-80-1.pdf, id=613, 469.755
pt x 325.215pt>
File: IntroTutorial_dartR_files/figure-latex/unnamed-chunk-80-1.pdf Graphic fil
e (type pdf)
<use IntroTutorial_dartR_files/figure-latex/unnamed-chunk-80-1.pdf>
Package pdftex.def Info: IntroTutorial_dartR_files/figure-latex/unnamed-chunk-8
0-1.pdf  used on input line 2813.
(pdftex.def)             Requested size: 469.75386pt x 325.2142pt.
[48 <./IntroTutorial_dartR_files/figure-latex/unnamed-chunk-80-1.pdf>]

Package xcolor Warning: Incompatible color definition on input line 2915.


Package xcolor Warning: Incompatible color definition on input line 2919.


Package xcolor Warning: Incompatible color definition on input line 2919.

[49]

Package xcolor Warning: Incompatible color definition on input line 2969.


Package xcolor Warning: Incompatible color definition on input line 2974.


Package xcolor Warning: Incompatible color definition on input line 2974.


Package xcolor Warning: Incompatible color definition on input line 3000.

[50]

Package xcolor Warning: Incompatible color definition on input line 3004.


Package xcolor Warning: Incompatible color definition on input line 3004.


Overfull \hbox (128.74324pt too wide) in paragraph at lines 3007--3007
[]\T1/lmtt/m/n/10 ## Standard analysis performed on the genlight object. Mantel
 test and plot will be Fst/1-Fst versus log(distance) 
 []


Overfull \hbox (13.24358pt too wide) in paragraph at lines 3008--3008
[]\T1/lmtt/m/n/10 ## Coordinates transformed to Mercator (google) projection to
 calculate distances in meters.[] 
 []

LaTeX Font Info:    Try loading font information for TS1+lmtt on input line 301
0.
(c:/Users/s425824/AppData/Roaming/TinyTeX/texmf-dist/tex/latex/lm/ts1lmtt.fd
File: ts1lmtt.fd 2009/10/30 v1.6 Font defs for Latin Modern
)
<IntroTutorial_dartR_files/figure-latex/unnamed-chunk-85-1.pdf, id=638, 469.755
pt x 289.08pt>
File: IntroTutorial_dartR_files/figure-latex/unnamed-chunk-85-1.pdf Graphic fil
e (type pdf)
<use IntroTutorial_dartR_files/figure-latex/unnamed-chunk-85-1.pdf>
Package pdftex.def Info: IntroTutorial_dartR_files/figure-latex/unnamed-chunk-8
5-1.pdf  used on input line 3025.
(pdftex.def)             Requested size: 469.75386pt x 289.07928pt.
[51 <./IntroTutorial_dartR_files/figure-latex/unnamed-chunk-85-1.pdf>]

Package xcolor Warning: Incompatible color definition on input line 3093.


Package xcolor Warning: Incompatible color definition on input line 3098.


Package xcolor Warning: Incompatible color definition on input line 3098.

[52]

Package xcolor Warning: Incompatible color definition on input line 3126.


Package xcolor Warning: Incompatible color definition on input line 3130.


Package xcolor Warning: Incompatible color definition on input line 3130.


Package xcolor Warning: Incompatible color definition on input line 3149.


Package xcolor Warning: Incompatible color definition on input line 3153.


Package xcolor Warning: Incompatible color definition on input line 3153.

<IntroTutorial_dartR_files/figure-latex/unnamed-chunk-88-1.pdf, id=659, 469.755
pt x 325.215pt>
File: IntroTutorial_dartR_files/figure-latex/unnamed-chunk-88-1.pdf Graphic fil
e (type pdf)
<use IntroTutorial_dartR_files/figure-latex/unnamed-chunk-88-1.pdf>
Package pdftex.def Info: IntroTutorial_dartR_files/figure-latex/unnamed-chunk-8
8-1.pdf  used on input line 3173.
(pdftex.def)             Requested size: 469.75386pt x 325.2142pt.
[53]

Package xcolor Warning: Incompatible color definition on input line 3193.


Package xcolor Warning: Incompatible color definition on input line 3197.


Package xcolor Warning: Incompatible color definition on input line 3197.


Package xcolor Warning: Incompatible color definition on input line 3204.


Package xcolor Warning: Incompatible color definition on input line 3208.


Package xcolor Warning: Incompatible color definition on input line 3208.


Package xcolor Warning: Incompatible color definition on input line 3215.

[54 <./IntroTutorial_dartR_files/figure-latex/unnamed-chunk-88-1.pdf>]

Package xcolor Warning: Incompatible color definition on input line 3219.


Package xcolor Warning: Incompatible color definition on input line 3219.


Package xcolor Warning: Incompatible color definition on input line 3225.


Package xcolor Warning: Incompatible color definition on input line 3229.


Package xcolor Warning: Incompatible color definition on input line 3229.

<IntroTutorial_dartR_files/figure-latex/unnamed-chunk-92-1.pdf, id=674, 469.755
pt x 325.215pt>
File: IntroTutorial_dartR_files/figure-latex/unnamed-chunk-92-1.pdf Graphic fil
e (type pdf)
<use IntroTutorial_dartR_files/figure-latex/unnamed-chunk-92-1.pdf>
Package pdftex.def Info: IntroTutorial_dartR_files/figure-latex/unnamed-chunk-9
2-1.pdf  used on input line 3249.
(pdftex.def)             Requested size: 469.75386pt x 325.2142pt.
[55 <./IntroTutorial_dartR_files/figure-latex/unnamed-chunk-92-1.pdf>] [56]

Package xcolor Warning: Incompatible color definition on input line 3389.


Package xcolor Warning: Incompatible color definition on input line 3393.


Package xcolor Warning: Incompatible color definition on input line 3393.


Overfull \hbox (1367.73964pt too wide) in paragraph at lines 3400--3400
[]\T1/lmtt/m/n/10 ##   Retaining 20 populations with sample size greater than o
r equal to 10 : EmmacBrisWive EmmacBurdMist EmmacBurnBara EmmacCoopAvin EmmacCo
opCully EmmacCoopEulb EmmacFitzAllig EmmacJohnWari EmmacMDBBowm EmmacMDBCond Em
macMDBCudg EmmacMDBForb EmmacMDBMaci EmmacMDBMurrMung EmmacMDBSanf EmmacMaclGeo
r EmmacRichCasi EmmacRoss EmmacRussEube EmmacTweeUki[] 
 []


Overfull \hbox (585.49191pt too wide) in paragraph at lines 3402--3402
[]\T1/lmtt/m/n/10 ##   Discarding 10 populations with sample size less than 10 
: EmmacClarJack EmmacClarYate EmmacMDBGwyd EmmacMaryBoru EmmacMaryPetr EmmacNor
mJack EmmacNormLeic EmmacNormSalt EmsubRopeMata EmvicVictJasp[] 
 []

[57]
Overfull \hbox (7.99359pt too wide) in paragraph at lines 3411--3411
[]\T1/lmtt/m/n/10 ##     2 EmmacBrisWive EmmacMDBBowm EmmacMDBCudg EmmacMDBForb
 EmmacMDBMaci EmmacMDBMurrMung[] 
 []


Overfull \hbox (165.49313pt too wide) in paragraph at lines 3418--3418
[]\T1/lmtt/m/n/10 ##   Data retained for the unknown individual and remaining c
andidate source populations (zero loci with private alleles)[] 
 []


Overfull \hbox (49.99347pt too wide) in paragraph at lines 3422--3422
[]\T1/lmtt/m/n/10 ## There are no further populations to compare for assignment
. EmmacMaclGeor is the best assignment[] 
 []


Package xcolor Warning: Incompatible color definition on input line 3438.


Package xcolor Warning: Incompatible color definition on input line 3442.


Package xcolor Warning: Incompatible color definition on input line 3442.


Overfull \hbox (1367.73964pt too wide) in paragraph at lines 3449--3449
[]\T1/lmtt/m/n/10 ##   Retaining 20 populations with sample size greater than o
r equal to 10 : EmmacBrisWive EmmacBurdMist EmmacBurnBara EmmacCoopAvin EmmacCo
opCully EmmacCoopEulb EmmacFitzAllig EmmacJohnWari EmmacMDBBowm EmmacMDBCond Em
macMDBCudg EmmacMDBForb EmmacMDBMaci EmmacMDBMurrMung EmmacMDBSanf EmmacMaclGeo
r EmmacRichCasi EmmacRoss EmmacRussEube EmmacTweeUki[] 
 []


Overfull \hbox (585.49191pt too wide) in paragraph at lines 3451--3451
[]\T1/lmtt/m/n/10 ##   Discarding 10 populations with sample size less than 10 
: EmmacClarJack EmmacClarYate EmmacMDBGwyd EmmacMaryBoru EmmacMaryPetr EmmacNor
mJack EmmacNormLeic EmmacNormSalt EmsubRopeMata EmvicVictJasp[] 
 []


Overfull \hbox (7.99359pt too wide) in paragraph at lines 3460--3460
[]\T1/lmtt/m/n/10 ##     2 EmmacBrisWive EmmacMDBBowm EmmacMDBCudg EmmacMDBForb
 EmmacMDBMaci EmmacMDBMurrMung[] 
 []


Overfull \hbox (165.49313pt too wide) in paragraph at lines 3467--3467
[]\T1/lmtt/m/n/10 ##   Data retained for the unknown individual and remaining c
andidate source populations (zero loci with private alleles)[] 
 []


Overfull \hbox (49.99347pt too wide) in paragraph at lines 3471--3471
[]\T1/lmtt/m/n/10 ## There are no further populations to compare for assignment
. EmmacMaclGeor is the best assignment[] 
 []

[58]

Package xcolor Warning: Incompatible color definition on input line 3524.


Package xcolor Warning: Incompatible color definition on input line 3529.


Package xcolor Warning: Incompatible color definition on input line 3529.


Package xcolor Warning: Incompatible color definition on input line 3533.


Package xcolor Warning: Incompatible color definition on input line 3537.


Package xcolor Warning: Incompatible color definition on input line 3537.

[59]
Underfull \hbox (badness 10000) in paragraph at lines 3604--3606
\T1/lmr/m/n/10 (+20) eriq / software / software . htm # NewHybs$[])[[]$http : /
 / ib . berkeley . edu / labs / slatkin / eriq / software / software . htm #
 []


Package xcolor Warning: Incompatible color definition on input line 3607.


Package xcolor Warning: Incompatible color definition on input line 3611.


Package xcolor Warning: Incompatible color definition on input line 3611.


Package xcolor Warning: Incompatible color definition on input line 3642.

[60]

Package xcolor Warning: Incompatible color definition on input line 3646.


Package xcolor Warning: Incompatible color definition on input line 3646.


Package xcolor Warning: Incompatible color definition on input line 3651.


Package xcolor Warning: Incompatible color definition on input line 3655.


Package xcolor Warning: Incompatible color definition on input line 3655.


Package xcolor Warning: Incompatible color definition on input line 3675.


Package xcolor Warning: Incompatible color definition on input line 3679.


Package xcolor Warning: Incompatible color definition on input line 3679.


Package xcolor Warning: Incompatible color definition on input line 3684.


Package xcolor Warning: Incompatible color definition on input line 3688.


Package xcolor Warning: Incompatible color definition on input line 3688.


Package xcolor Warning: Incompatible color definition on input line 3746.

[61]

Package xcolor Warning: Incompatible color definition on input line 3750.


Package xcolor Warning: Incompatible color definition on input line 3750.


Overfull \hbox (118.24327pt too wide) in paragraph at lines 3755--3755
[]\T1/lmtt/m/n/10 ## Saved faststructure file: D:/Bernd/R/dartR/vignettes/C:\Us
ers\s425824\AppData\Local\Temp\RtmpEHIp90/myfile.fs[] 
 []

[62] [63]
Package atveryend Info: Empty hook `BeforeClearDocument' on input line 3854.
Package atveryend Info: Empty hook `AfterLastShipout' on input line 3854.
(./IntroTutorial_dartR.aux)
Package atveryend Info: Executing hook `AtVeryEndDocument' on input line 3854.
Package atveryend Info: Executing hook `AtEndAfterFileList' on input line 3854.

Package rerunfilecheck Info: File `IntroTutorial_dartR.out' has not changed.
(rerunfilecheck)             Checksum: 46CD8C5F5665D2223A3A96DFDA748636;8857.
Package atveryend Info: Empty hook `AtVeryVeryEnd' on input line 3854.
 ) 
Here is how much of TeX's memory you used:
 22415 strings out of 494562
 403160 string characters out of 6175930
 493323 words of memory out of 5000000
 25467 multiletter control sequences out of 15000+600000
 55299 words of font info for 95 fonts, out of 8000000 for 9000
 14 hyphenation exceptions out of 8191
 54i,6n,73p,5110b,465s stack positions out of 5000i,500n,10000p,200000b,80000s
{c:/Users/s425824/AppData/Roaming/TinyTeX/texmf-dist/fonts/enc/dvips/lm/lm-ts
1.enc}{c:/Users/s425824/AppData/Roaming/TinyTeX/texmf-dist/fonts/enc/dvips/lm/l
m-rm.enc}{c:/Users/s425824/AppData/Roaming/TinyTeX/texmf-dist/fonts/enc/dvips/l
m/lm-mathsy.enc}{c:/Users/s425824/AppData/Roaming/TinyTeX/texmf-dist/fonts/enc/
dvips/lm/lm-mathit.enc}{c:/Users/s425824/AppData/Roaming/TinyTeX/texmf-dist/fon
ts/enc/dvips/lm/lm-ec.enc}<c:/Users/s425824/AppData/Roaming/TinyTeX/texmf-dist/
fonts/type1/public/lm/lmbx10.pfb><c:/Users/s425824/AppData/Roaming/TinyTeX/texm
f-dist/fonts/type1/public/lm/lmbx12.pfb><c:/Users/s425824/AppData/Roaming/TinyT
eX/texmf-dist/fonts/type1/public/lm/lmmi10.pfb><c:/Users/s425824/AppData/Roamin
g/TinyTeX/texmf-dist/fonts/type1/public/lm/lmr10.pfb><c:/Users/s425824/AppData/
Roaming/TinyTeX/texmf-dist/fonts/type1/public/lm/lmr17.pfb><c:/Users/s425824/Ap
pData/Roaming/TinyTeX/texmf-dist/fonts/type1/public/lm/lmr7.pfb><c:/Users/s4258
24/AppData/Roaming/TinyTeX/texmf-dist/fonts/type1/public/lm/lmri10.pfb><c:/User
s/s425824/AppData/Roaming/TinyTeX/texmf-dist/fonts/type1/public/lm/lmri12.pfb><
c:/Users/s425824/AppData/Roaming/TinyTeX/texmf-dist/fonts/type1/public/lm/lmsy1
0.pfb><c:/Users/s425824/AppData/Roaming/TinyTeX/texmf-dist/fonts/type1/public/l
m/lmtk10.pfb><c:/Users/s425824/AppData/Roaming/TinyTeX/texmf-dist/fonts/type1/p
ublic/lm/lmtt10.pfb><c:/Users/s425824/AppData/Roaming/TinyTeX/texmf-dist/fonts/
type1/public/lm/lmtti10.pfb>
Output written on IntroTutorial_dartR.pdf (63 pages, 2716071 bytes).
PDF statistics:
 816 PDF objects out of 1000 (max. 8388607)
 688 compressed objects within 7 object streams
 139 named destinations out of 1000 (max. 500000)
 10781 words of extra memory for PDF output out of 12000 (max. 10000000)

